{"op_code":0,"worker_id":"14f9eb68-1107-4f2c-8372-62f49823148e-8417681024","study_name":"mlforecast_lgbm_q75","directions":[1]}
{"op_code":4,"worker_id":"14f9eb68-1107-4f2c-8372-62f49823148e-14123003904","study_id":0,"datetime_start":"2026-07-08T10:57:11.721125"}
{"op_code":4,"worker_id":"14f9eb68-1107-4f2c-8372-62f49823148e-14139830272","study_id":0,"datetime_start":"2026-07-08T10:57:11.722492"}
{"op_code":4,"worker_id":"14f9eb68-1107-4f2c-8372-62f49823148e-14106177536","study_id":0,"datetime_start":"2026-07-08T10:57:11.721662"}
{"op_code":5,"worker_id":"14f9eb68-1107-4f2c-8372-62f49823148e-14123003904","trial_id":0,"param_name":"max_depth","param_value_internal":2.0,"distribution":"{\"name\": \"IntDistribution\", \"attributes\": {\"log\": false, \"step\": 1, \"low\": 1, \"high\": 10}}"}
{"op_code":5,"worker_id":"14f9eb68-1107-4f2c-8372-62f49823148e-14106177536","trial_id":2,"param_name":"max_depth","param_value_internal":5.0,"distribution":"{\"name\": \"IntDistribution\", \"attributes\": {\"log\": false, \"step\": 1, \"low\": 1, \"high\": 10}}"}
{"op_code":5,"worker_id":"14f9eb68-1107-4f2c-8372-62f49823148e-14123003904","trial_id":0,"param_name":"num_leaves","param_value_internal":229.0,"distribution":"{\"name\": \"IntDistribution\", \"attributes\": {\"log\": false, \"step\": 1, \"low\": 20, \"high\": 8000}}"}
{"op_code":5,"worker_id":"14f9eb68-1107-4f2c-8372-62f49823148e-14139830272","trial_id":1,"param_name":"max_depth","param_value_internal":6.0,"distribution":"{\"name\": \"IntDistribution\", \"attributes\": {\"log\": false, \"step\": 1, \"low\": 1, \"high\": 10}}"}
{"op_code":5,"worker_id":"14f9eb68-1107-4f2c-8372-62f49823148e-14106177536","trial_id":2,"param_name":"num_leaves","param_value_internal":2524.0,"distribution":"{\"name\": \"IntDistribution\", \"attributes\": {\"log\": false, \"step\": 1, \"low\": 20, \"high\": 8000}}"}
{"op_code":5,"worker_id":"14f9eb68-1107-4f2c-8372-62f49823148e-14123003904","trial_id":0,"param_name":"min_child_samples","param_value_internal":40.0,"distribution":"{\"name\": \"IntDistribution\", \"attributes\": {\"log\": false, \"step\": 1, \"low\": 5, \"high\": 100}}"}
{"op_code":5,"worker_id":"14f9eb68-1107-4f2c-8372-62f49823148e-14139830272","trial_id":1,"param_name":"num_leaves","param_value_internal":7968.0,"distribution":"{\"name\": \"IntDistribution\", \"attributes\": {\"log\": false, \"step\": 1, \"low\": 20, \"high\": 8000}}"}
{"op_code":5,"worker_id":"14f9eb68-1107-4f2c-8372-62f49823148e-14106177536","trial_id":2,"param_name":"min_child_samples","param_value_internal":47.0,"distribution":"{\"name\": \"IntDistribution\", \"attributes\": {\"log\": false, \"step\": 1, \"low\": 5, \"high\": 100}}"}
{"op_code":5,"worker_id":"14f9eb68-1107-4f2c-8372-62f49823148e-14123003904","trial_id":0,"param_name":"learning_rate","param_value_internal":0.004274884844729183,"distribution":"{\"name\": \"FloatDistribution\", \"attributes\": {\"step\": null, \"low\": 0.001, \"high\": 0.3, \"log\": true}}"}
{"op_code":5,"worker_id":"14f9eb68-1107-4f2c-8372-62f49823148e-14139830272","trial_id":1,"param_name":"min_child_samples","param_value_internal":9.0,"distribution":"{\"name\": \"IntDistribution\", \"attributes\": {\"log\": false, \"step\": 1, \"low\": 5, \"high\": 100}}"}
{"op_code":5,"worker_id":"14f9eb68-1107-4f2c-8372-62f49823148e-14106177536","trial_id":2,"param_name":"learning_rate","param_value_internal":0.27826383239200203,"distribution":"{\"name\": \"FloatDistribution\", \"attributes\": {\"step\": null, \"low\": 0.001, \"high\": 0.3, \"log\": true}}"}
{"op_code":5,"worker_id":"14f9eb68-1107-4f2c-8372-62f49823148e-14123003904","trial_id":0,"param_name":"n_estimators","param_value_internal":498.0,"distribution":"{\"name\": \"IntDistribution\", \"attributes\": {\"log\": false, \"step\": 1, \"low\": 10, \"high\": 1000}}"}
{"op_code":5,"worker_id":"14f9eb68-1107-4f2c-8372-62f49823148e-14139830272","trial_id":1,"param_name":"learning_rate","param_value_internal":0.0012722290063666634,"distribution":"{\"name\": \"FloatDistribution\", \"attributes\": {\"step\": null, \"low\": 0.001, \"high\": 0.3, \"log\": true}}"}
{"op_code":5,"worker_id":"14f9eb68-1107-4f2c-8372-62f49823148e-14106177536","trial_id":2,"param_name":"n_estimators","param_value_internal":31.0,"distribution":"{\"name\": \"IntDistribution\", \"attributes\": {\"log\": false, \"step\": 1, \"low\": 10, \"high\": 1000}}"}
{"op_code":5,"worker_id":"14f9eb68-1107-4f2c-8372-62f49823148e-14123003904","trial_id":0,"param_name":"subsample","param_value_internal":0.8517246022615284,"distribution":"{\"name\": \"FloatDistribution\", \"attributes\": {\"step\": null, \"low\": 0.4, \"high\": 1.0, \"log\": false}}"}
{"op_code":5,"worker_id":"14f9eb68-1107-4f2c-8372-62f49823148e-14139830272","trial_id":1,"param_name":"n_estimators","param_value_internal":593.0,"distribution":"{\"name\": \"IntDistribution\", \"attributes\": {\"log\": false, \"step\": 1, \"low\": 10, \"high\": 1000}}"}
{"op_code":5,"worker_id":"14f9eb68-1107-4f2c-8372-62f49823148e-14106177536","trial_id":2,"param_name":"subsample","param_value_internal":0.9403365568861394,"distribution":"{\"name\": \"FloatDistribution\", \"attributes\": {\"step\": null, \"low\": 0.4, \"high\": 1.0, \"log\": false}}"}
{"op_code":5,"worker_id":"14f9eb68-1107-4f2c-8372-62f49823148e-14123003904","trial_id":0,"param_name":"colsample_bytree","param_value_internal":0.971825700877698,"distribution":"{\"name\": \"FloatDistribution\", \"attributes\": {\"step\": null, \"low\": 0.4, \"high\": 1.0, \"log\": false}}"}
{"op_code":5,"worker_id":"14f9eb68-1107-4f2c-8372-62f49823148e-14139830272","trial_id":1,"param_name":"subsample","param_value_internal":0.8525176200194018,"distribution":"{\"name\": \"FloatDistribution\", \"attributes\": {\"step\": null, \"low\": 0.4, \"high\": 1.0, \"log\": false}}"}
{"op_code":5,"worker_id":"14f9eb68-1107-4f2c-8372-62f49823148e-14106177536","trial_id":2,"param_name":"colsample_bytree","param_value_internal":0.8952169780196774,"distribution":"{\"name\": \"FloatDistribution\", \"attributes\": {\"step\": null, \"low\": 0.4, \"high\": 1.0, \"log\": false}}"}
{"op_code":5,"worker_id":"14f9eb68-1107-4f2c-8372-62f49823148e-14123003904","trial_id":0,"param_name":"reg_alpha","param_value_internal":6.828885033281228e-16,"distribution":"{\"name\": \"FloatDistribution\", \"attributes\": {\"step\": null, \"low\": 1e-16, \"high\": 100.0, \"log\": true}}"}
{"op_code":5,"worker_id":"14f9eb68-1107-4f2c-8372-62f49823148e-14139830272","trial_id":1,"param_name":"colsample_bytree","param_value_internal":0.4649120735900204,"distribution":"{\"name\": \"FloatDistribution\", \"attributes\": {\"step\": null, \"low\": 0.4, \"high\": 1.0, \"log\": false}}"}
{"op_code":5,"worker_id":"14f9eb68-1107-4f2c-8372-62f49823148e-14106177536","trial_id":2,"param_name":"reg_alpha","param_value_internal":1.2105162611441982e-06,"distribution":"{\"name\": \"FloatDistribution\", \"attributes\": {\"step\": null, \"low\": 1e-16, \"high\": 100.0, \"log\": true}}"}
{"op_code":5,"worker_id":"14f9eb68-1107-4f2c-8372-62f49823148e-14123003904","trial_id":0,"param_name":"reg_lambda","param_value_internal":1.1957135286357445e-05,"distribution":"{\"name\": \"FloatDistribution\", \"attributes\": {\"step\": null, \"low\": 1e-08, \"high\": 10.0, \"log\": true}}"}
{"op_code":5,"worker_id":"14f9eb68-1107-4f2c-8372-62f49823148e-14139830272","trial_id":1,"param_name":"reg_alpha","param_value_internal":9.161142443301126e-16,"distribution":"{\"name\": \"FloatDistribution\", \"attributes\": {\"step\": null, \"low\": 1e-16, \"high\": 100.0, \"log\": true}}"}
{"op_code":5,"worker_id":"14f9eb68-1107-4f2c-8372-62f49823148e-14106177536","trial_id":2,"param_name":"reg_lambda","param_value_internal":4.533930093190002e-08,"distribution":"{\"name\": \"FloatDistribution\", \"attributes\": {\"step\": null, \"low\": 1e-08, \"high\": 10.0, \"log\": true}}"}
{"op_code":5,"worker_id":"14f9eb68-1107-4f2c-8372-62f49823148e-14139830272","trial_id":1,"param_name":"reg_lambda","param_value_internal":3.729737096392294e-05,"distribution":"{\"name\": \"FloatDistribution\", \"attributes\": {\"step\": null, \"low\": 1e-08, \"high\": 10.0, \"log\": true}}"}
{"op_code":8,"worker_id":"14f9eb68-1107-4f2c-8372-62f49823148e-14106177536","trial_id":2,"user_attr":{"runtime":10.694863080978394}}
{"op_code":6,"worker_id":"14f9eb68-1107-4f2c-8372-62f49823148e-14106177536","trial_id":2,"state":1,"values":[8.515362879061222],"datetime_complete":"2026-07-08T10:57:22.436717"}
{"op_code":4,"worker_id":"14f9eb68-1107-4f2c-8372-62f49823148e-14106177536","study_id":0,"datetime_start":"2026-07-08T10:57:22.438804"}
{"op_code":5,"worker_id":"14f9eb68-1107-4f2c-8372-62f49823148e-14106177536","trial_id":3,"param_name":"max_depth","param_value_internal":9.0,"distribution":"{\"name\": \"IntDistribution\", \"attributes\": {\"log\": false, \"step\": 1, \"low\": 1, \"high\": 10}}"}
{"op_code":5,"worker_id":"14f9eb68-1107-4f2c-8372-62f49823148e-14106177536","trial_id":3,"param_name":"num_leaves","param_value_internal":6611.0,"distribution":"{\"name\": \"IntDistribution\", \"attributes\": {\"log\": false, \"step\": 1, \"low\": 20, \"high\": 8000}}"}
{"op_code":5,"worker_id":"14f9eb68-1107-4f2c-8372-62f49823148e-14106177536","trial_id":3,"param_name":"min_child_samples","param_value_internal":87.0,"distribution":"{\"name\": \"IntDistribution\", \"attributes\": {\"log\": false, \"step\": 1, \"low\": 5, \"high\": 100}}"}
{"op_code":5,"worker_id":"14f9eb68-1107-4f2c-8372-62f49823148e-14106177536","trial_id":3,"param_name":"learning_rate","param_value_internal":0.02084013956828963,"distribution":"{\"name\": \"FloatDistribution\", \"attributes\": {\"step\": null, \"low\": 0.001, \"high\": 0.3, \"log\": true}}"}
{"op_code":5,"worker_id":"14f9eb68-1107-4f2c-8372-62f49823148e-14106177536","trial_id":3,"param_name":"n_estimators","param_value_internal":682.0,"distribution":"{\"name\": \"IntDistribution\", \"attributes\": {\"log\": false, \"step\": 1, \"low\": 10, \"high\": 1000}}"}
{"op_code":5,"worker_id":"14f9eb68-1107-4f2c-8372-62f49823148e-14106177536","trial_id":3,"param_name":"subsample","param_value_internal":0.46633792384162537,"distribution":"{\"name\": \"FloatDistribution\", \"attributes\": {\"step\": null, \"low\": 0.4, \"high\": 1.0, \"log\": false}}"}
{"op_code":5,"worker_id":"14f9eb68-1107-4f2c-8372-62f49823148e-14106177536","trial_id":3,"param_name":"colsample_bytree","param_value_internal":0.5867013276323846,"distribution":"{\"name\": \"FloatDistribution\", \"attributes\": {\"step\": null, \"low\": 0.4, \"high\": 1.0, \"log\": false}}"}
{"op_code":5,"worker_id":"14f9eb68-1107-4f2c-8372-62f49823148e-14106177536","trial_id":3,"param_name":"reg_alpha","param_value_internal":0.000915956621544345,"distribution":"{\"name\": \"FloatDistribution\", \"attributes\": {\"step\": null, \"low\": 1e-16, \"high\": 100.0, \"log\": true}}"}
{"op_code":5,"worker_id":"14f9eb68-1107-4f2c-8372-62f49823148e-14106177536","trial_id":3,"param_name":"reg_lambda","param_value_internal":3.680422320024579e-08,"distribution":"{\"name\": \"FloatDistribution\", \"attributes\": {\"step\": null, \"low\": 1e-08, \"high\": 10.0, \"log\": true}}"}
{"op_code":8,"worker_id":"14f9eb68-1107-4f2c-8372-62f49823148e-14123003904","trial_id":0,"user_attr":{"runtime":20.014965057373047}}
{"op_code":6,"worker_id":"14f9eb68-1107-4f2c-8372-62f49823148e-14123003904","trial_id":0,"state":1,"values":[22.060318856922397],"datetime_complete":"2026-07-08T10:57:31.750236"}
{"op_code":4,"worker_id":"14f9eb68-1107-4f2c-8372-62f49823148e-14123003904","study_id":0,"datetime_start":"2026-07-08T10:57:31.752430"}
{"op_code":5,"worker_id":"14f9eb68-1107-4f2c-8372-62f49823148e-14123003904","trial_id":4,"param_name":"max_depth","param_value_internal":2.0,"distribution":"{\"name\": \"IntDistribution\", \"attributes\": {\"log\": false, \"step\": 1, \"low\": 1, \"high\": 10}}"}
{"op_code":5,"worker_id":"14f9eb68-1107-4f2c-8372-62f49823148e-14123003904","trial_id":4,"param_name":"num_leaves","param_value_internal":1819.0,"distribution":"{\"name\": \"IntDistribution\", \"attributes\": {\"log\": false, \"step\": 1, \"low\": 20, \"high\": 8000}}"}
{"op_code":5,"worker_id":"14f9eb68-1107-4f2c-8372-62f49823148e-14123003904","trial_id":4,"param_name":"min_child_samples","param_value_internal":85.0,"distribution":"{\"name\": \"IntDistribution\", \"attributes\": {\"log\": false, \"step\": 1, \"low\": 5, \"high\": 100}}"}
{"op_code":5,"worker_id":"14f9eb68-1107-4f2c-8372-62f49823148e-14123003904","trial_id":4,"param_name":"learning_rate","param_value_internal":0.005727599549577513,"distribution":"{\"name\": \"FloatDistribution\", \"attributes\": {\"step\": null, \"low\": 0.001, \"high\": 0.3, \"log\": true}}"}
{"op_code":5,"worker_id":"14f9eb68-1107-4f2c-8372-62f49823148e-14123003904","trial_id":4,"param_name":"n_estimators","param_value_internal":195.0,"distribution":"{\"name\": \"IntDistribution\", \"attributes\": {\"log\": false, \"step\": 1, \"low\": 10, \"high\": 1000}}"}
{"op_code":5,"worker_id":"14f9eb68-1107-4f2c-8372-62f49823148e-14123003904","trial_id":4,"param_name":"subsample","param_value_internal":0.46655849498277197,"distribution":"{\"name\": \"FloatDistribution\", \"attributes\": {\"step\": null, \"low\": 0.4, \"high\": 1.0, \"log\": false}}"}
{"op_code":5,"worker_id":"14f9eb68-1107-4f2c-8372-62f49823148e-14123003904","trial_id":4,"param_name":"colsample_bytree","param_value_internal":0.7406169742293289,"distribution":"{\"name\": \"FloatDistribution\", \"attributes\": {\"step\": null, \"low\": 0.4, \"high\": 1.0, \"log\": false}}"}
{"op_code":5,"worker_id":"14f9eb68-1107-4f2c-8372-62f49823148e-14123003904","trial_id":4,"param_name":"reg_alpha","param_value_internal":3.168091325073928e-16,"distribution":"{\"name\": \"FloatDistribution\", \"attributes\": {\"step\": null, \"low\": 1e-16, \"high\": 100.0, \"log\": true}}"}
{"op_code":5,"worker_id":"14f9eb68-1107-4f2c-8372-62f49823148e-14123003904","trial_id":4,"param_name":"reg_lambda","param_value_internal":0.0007073243907387727,"distribution":"{\"name\": \"FloatDistribution\", \"attributes\": {\"step\": null, \"low\": 1e-08, \"high\": 10.0, \"log\": true}}"}
{"op_code":8,"worker_id":"14f9eb68-1107-4f2c-8372-62f49823148e-14123003904","trial_id":4,"user_attr":{"runtime":13.479412078857422}}
{"op_code":6,"worker_id":"14f9eb68-1107-4f2c-8372-62f49823148e-14123003904","trial_id":4,"state":1,"values":[7.61825997373452],"datetime_complete":"2026-07-08T10:57:45.237984"}
{"op_code":4,"worker_id":"14f9eb68-1107-4f2c-8372-62f49823148e-14123003904","study_id":0,"datetime_start":"2026-07-08T10:57:45.240145"}
{"op_code":5,"worker_id":"14f9eb68-1107-4f2c-8372-62f49823148e-14123003904","trial_id":5,"param_name":"max_depth","param_value_internal":7.0,"distribution":"{\"name\": \"IntDistribution\", \"attributes\": {\"log\": false, \"step\": 1, \"low\": 1, \"high\": 10}}"}
{"op_code":5,"worker_id":"14f9eb68-1107-4f2c-8372-62f49823148e-14123003904","trial_id":5,"param_name":"num_leaves","param_value_internal":2016.0,"distribution":"{\"name\": \"IntDistribution\", \"attributes\": {\"log\": false, \"step\": 1, \"low\": 20, \"high\": 8000}}"}
{"op_code":5,"worker_id":"14f9eb68-1107-4f2c-8372-62f49823148e-14123003904","trial_id":5,"param_name":"min_child_samples","param_value_internal":69.0,"distribution":"{\"name\": \"IntDistribution\", \"attributes\": {\"log\": false, \"step\": 1, \"low\": 5, \"high\": 100}}"}
{"op_code":5,"worker_id":"14f9eb68-1107-4f2c-8372-62f49823148e-14123003904","trial_id":5,"param_name":"learning_rate","param_value_internal":0.05160188664430492,"distribution":"{\"name\": \"FloatDistribution\", \"attributes\": {\"step\": null, \"low\": 0.001, \"high\": 0.3, \"log\": true}}"}
{"op_code":5,"worker_id":"14f9eb68-1107-4f2c-8372-62f49823148e-14123003904","trial_id":5,"param_name":"n_estimators","param_value_internal":331.0,"distribution":"{\"name\": \"IntDistribution\", \"attributes\": {\"log\": false, \"step\": 1, \"low\": 10, \"high\": 1000}}"}
{"op_code":5,"worker_id":"14f9eb68-1107-4f2c-8372-62f49823148e-14123003904","trial_id":5,"param_name":"subsample","param_value_internal":0.43817034176751946,"distribution":"{\"name\": \"FloatDistribution\", \"attributes\": {\"step\": null, \"low\": 0.4, \"high\": 1.0, \"log\": false}}"}
{"op_code":5,"worker_id":"14f9eb68-1107-4f2c-8372-62f49823148e-14123003904","trial_id":5,"param_name":"colsample_bytree","param_value_internal":0.7769562650990716,"distribution":"{\"name\": \"FloatDistribution\", \"attributes\": {\"step\": null, \"low\": 0.4, \"high\": 1.0, \"log\": false}}"}
{"op_code":5,"worker_id":"14f9eb68-1107-4f2c-8372-62f49823148e-14123003904","trial_id":5,"param_name":"reg_alpha","param_value_internal":1.4490163369621767,"distribution":"{\"name\": \"FloatDistribution\", \"attributes\": {\"step\": null, \"low\": 1e-16, \"high\": 100.0, \"log\": true}}"}
{"op_code":5,"worker_id":"14f9eb68-1107-4f2c-8372-62f49823148e-14123003904","trial_id":5,"param_name":"reg_lambda","param_value_internal":0.009050163293720596,"distribution":"{\"name\": \"FloatDistribution\", \"attributes\": {\"step\": null, \"low\": 1e-08, \"high\": 10.0, \"log\": true}}"}
{"op_code":8,"worker_id":"14f9eb68-1107-4f2c-8372-62f49823148e-14139830272","trial_id":1,"user_attr":{"runtime":48.686927795410156}}
{"op_code":6,"worker_id":"14f9eb68-1107-4f2c-8372-62f49823148e-14139830272","trial_id":1,"state":1,"values":[18.269820029487548],"datetime_complete":"2026-07-08T10:58:00.447514"}
{"op_code":4,"worker_id":"14f9eb68-1107-4f2c-8372-62f49823148e-14139830272","study_id":0,"datetime_start":"2026-07-08T10:58:00.449387"}
{"op_code":5,"worker_id":"14f9eb68-1107-4f2c-8372-62f49823148e-14139830272","trial_id":6,"param_name":"max_depth","param_value_internal":4.0,"distribution":"{\"name\": \"IntDistribution\", \"attributes\": {\"log\": false, \"step\": 1, \"low\": 1, \"high\": 10}}"}
{"op_code":5,"worker_id":"14f9eb68-1107-4f2c-8372-62f49823148e-14139830272","trial_id":6,"param_name":"num_leaves","param_value_internal":4080.0,"distribution":"{\"name\": \"IntDistribution\", \"attributes\": {\"log\": false, \"step\": 1, \"low\": 20, \"high\": 8000}}"}
{"op_code":5,"worker_id":"14f9eb68-1107-4f2c-8372-62f49823148e-14139830272","trial_id":6,"param_name":"min_child_samples","param_value_internal":98.0,"distribution":"{\"name\": \"IntDistribution\", \"attributes\": {\"log\": false, \"step\": 1, \"low\": 5, \"high\": 100}}"}
{"op_code":5,"worker_id":"14f9eb68-1107-4f2c-8372-62f49823148e-14139830272","trial_id":6,"param_name":"learning_rate","param_value_internal":0.11620375773977612,"distribution":"{\"name\": \"FloatDistribution\", \"attributes\": {\"step\": null, \"low\": 0.001, \"high\": 0.3, \"log\": true}}"}
{"op_code":5,"worker_id":"14f9eb68-1107-4f2c-8372-62f49823148e-14139830272","trial_id":6,"param_name":"n_estimators","param_value_internal":64.0,"distribution":"{\"name\": \"IntDistribution\", \"attributes\": {\"log\": false, \"step\": 1, \"low\": 10, \"high\": 1000}}"}
{"op_code":5,"worker_id":"14f9eb68-1107-4f2c-8372-62f49823148e-14139830272","trial_id":6,"param_name":"subsample","param_value_internal":0.40601221434906143,"distribution":"{\"name\": \"FloatDistribution\", \"attributes\": {\"step\": null, \"low\": 0.4, \"high\": 1.0, \"log\": false}}"}
{"op_code":5,"worker_id":"14f9eb68-1107-4f2c-8372-62f49823148e-14139830272","trial_id":6,"param_name":"colsample_bytree","param_value_internal":0.4515438076182825,"distribution":"{\"name\": \"FloatDistribution\", \"attributes\": {\"step\": null, \"low\": 0.4, \"high\": 1.0, \"log\": false}}"}
{"op_code":5,"worker_id":"14f9eb68-1107-4f2c-8372-62f49823148e-14139830272","trial_id":6,"param_name":"reg_alpha","param_value_internal":6.219169950096575e-07,"distribution":"{\"name\": \"FloatDistribution\", \"attributes\": {\"step\": null, \"low\": 1e-16, \"high\": 100.0, \"log\": true}}"}
{"op_code":5,"worker_id":"14f9eb68-1107-4f2c-8372-62f49823148e-14139830272","trial_id":6,"param_name":"reg_lambda","param_value_internal":7.101032153930805e-08,"distribution":"{\"name\": \"FloatDistribution\", \"attributes\": {\"step\": null, \"low\": 1e-08, \"high\": 10.0, \"log\": true}}"}
{"op_code":8,"worker_id":"14f9eb68-1107-4f2c-8372-62f49823148e-14139830272","trial_id":6,"user_attr":{"runtime":11.62649393081665}}
{"op_code":6,"worker_id":"14f9eb68-1107-4f2c-8372-62f49823148e-14139830272","trial_id":6,"state":1,"values":[6.405137843161408],"datetime_complete":"2026-07-08T10:58:12.081621"}
{"op_code":4,"worker_id":"14f9eb68-1107-4f2c-8372-62f49823148e-14139830272","study_id":0,"datetime_start":"2026-07-08T10:58:12.083949"}
{"op_code":5,"worker_id":"14f9eb68-1107-4f2c-8372-62f49823148e-14139830272","trial_id":7,"param_name":"max_depth","param_value_internal":10.0,"distribution":"{\"name\": \"IntDistribution\", \"attributes\": {\"log\": false, \"step\": 1, \"low\": 1, \"high\": 10}}"}
{"op_code":5,"worker_id":"14f9eb68-1107-4f2c-8372-62f49823148e-14139830272","trial_id":7,"param_name":"num_leaves","param_value_internal":3768.0,"distribution":"{\"name\": \"IntDistribution\", \"attributes\": {\"log\": false, \"step\": 1, \"low\": 20, \"high\": 8000}}"}
{"op_code":5,"worker_id":"14f9eb68-1107-4f2c-8372-62f49823148e-14139830272","trial_id":7,"param_name":"min_child_samples","param_value_internal":68.0,"distribution":"{\"name\": \"IntDistribution\", \"attributes\": {\"log\": false, \"step\": 1, \"low\": 5, \"high\": 100}}"}
{"op_code":5,"worker_id":"14f9eb68-1107-4f2c-8372-62f49823148e-14139830272","trial_id":7,"param_name":"learning_rate","param_value_internal":0.005294337152087095,"distribution":"{\"name\": \"FloatDistribution\", \"attributes\": {\"step\": null, \"low\": 0.001, \"high\": 0.3, \"log\": true}}"}
{"op_code":5,"worker_id":"14f9eb68-1107-4f2c-8372-62f49823148e-14139830272","trial_id":7,"param_name":"n_estimators","param_value_internal":694.0,"distribution":"{\"name\": \"IntDistribution\", \"attributes\": {\"log\": false, \"step\": 1, \"low\": 10, \"high\": 1000}}"}
{"op_code":5,"worker_id":"14f9eb68-1107-4f2c-8372-62f49823148e-14139830272","trial_id":7,"param_name":"subsample","param_value_internal":0.67518379203304,"distribution":"{\"name\": \"FloatDistribution\", \"attributes\": {\"step\": null, \"low\": 0.4, \"high\": 1.0, \"log\": false}}"}
{"op_code":5,"worker_id":"14f9eb68-1107-4f2c-8372-62f49823148e-14139830272","trial_id":7,"param_name":"colsample_bytree","param_value_internal":0.558446711080554,"distribution":"{\"name\": \"FloatDistribution\", \"attributes\": {\"step\": null, \"low\": 0.4, \"high\": 1.0, \"log\": false}}"}
{"op_code":5,"worker_id":"14f9eb68-1107-4f2c-8372-62f49823148e-14139830272","trial_id":7,"param_name":"reg_alpha","param_value_internal":1.7424264850008839e-07,"distribution":"{\"name\": \"FloatDistribution\", \"attributes\": {\"step\": null, \"low\": 1e-16, \"high\": 100.0, \"log\": true}}"}
{"op_code":5,"worker_id":"14f9eb68-1107-4f2c-8372-62f49823148e-14139830272","trial_id":7,"param_name":"reg_lambda","param_value_internal":7.6060064422570355e-06,"distribution":"{\"name\": \"FloatDistribution\", \"attributes\": {\"step\": null, \"low\": 1e-08, \"high\": 10.0, \"log\": true}}"}
{"op_code":8,"worker_id":"14f9eb68-1107-4f2c-8372-62f49823148e-14123003904","trial_id":5,"user_attr":{"runtime":35.81705617904663}}
{"op_code":6,"worker_id":"14f9eb68-1107-4f2c-8372-62f49823148e-14123003904","trial_id":5,"state":1,"values":[8.199613975135147],"datetime_complete":"2026-07-08T10:58:21.062751"}
{"op_code":4,"worker_id":"14f9eb68-1107-4f2c-8372-62f49823148e-14123003904","study_id":0,"datetime_start":"2026-07-08T10:58:21.064969"}
{"op_code":5,"worker_id":"14f9eb68-1107-4f2c-8372-62f49823148e-14123003904","trial_id":8,"param_name":"max_depth","param_value_internal":2.0,"distribution":"{\"name\": \"IntDistribution\", \"attributes\": {\"log\": false, \"step\": 1, \"low\": 1, \"high\": 10}}"}
{"op_code":5,"worker_id":"14f9eb68-1107-4f2c-8372-62f49823148e-14123003904","trial_id":8,"param_name":"num_leaves","param_value_internal":3162.0,"distribution":"{\"name\": \"IntDistribution\", \"attributes\": {\"log\": false, \"step\": 1, \"low\": 20, \"high\": 8000}}"}
{"op_code":5,"worker_id":"14f9eb68-1107-4f2c-8372-62f49823148e-14123003904","trial_id":8,"param_name":"min_child_samples","param_value_internal":54.0,"distribution":"{\"name\": \"IntDistribution\", \"attributes\": {\"log\": false, \"step\": 1, \"low\": 5, \"high\": 100}}"}
{"op_code":5,"worker_id":"14f9eb68-1107-4f2c-8372-62f49823148e-14123003904","trial_id":8,"param_name":"learning_rate","param_value_internal":0.0026269839814320986,"distribution":"{\"name\": \"FloatDistribution\", \"attributes\": {\"step\": null, \"low\": 0.001, \"high\": 0.3, \"log\": true}}"}
{"op_code":5,"worker_id":"14f9eb68-1107-4f2c-8372-62f49823148e-14123003904","trial_id":8,"param_name":"n_estimators","param_value_internal":843.0,"distribution":"{\"name\": \"IntDistribution\", \"attributes\": {\"log\": false, \"step\": 1, \"low\": 10, \"high\": 1000}}"}
{"op_code":5,"worker_id":"14f9eb68-1107-4f2c-8372-62f49823148e-14123003904","trial_id":8,"param_name":"subsample","param_value_internal":0.4298111373893033,"distribution":"{\"name\": \"FloatDistribution\", \"attributes\": {\"step\": null, \"low\": 0.4, \"high\": 1.0, \"log\": false}}"}
{"op_code":5,"worker_id":"14f9eb68-1107-4f2c-8372-62f49823148e-14123003904","trial_id":8,"param_name":"colsample_bytree","param_value_internal":0.7673423846009865,"distribution":"{\"name\": \"FloatDistribution\", \"attributes\": {\"step\": null, \"low\": 0.4, \"high\": 1.0, \"log\": false}}"}
{"op_code":5,"worker_id":"14f9eb68-1107-4f2c-8372-62f49823148e-14123003904","trial_id":8,"param_name":"reg_alpha","param_value_internal":2.01605053979607e-15,"distribution":"{\"name\": \"FloatDistribution\", \"attributes\": {\"step\": null, \"low\": 1e-16, \"high\": 100.0, \"log\": true}}"}
{"op_code":5,"worker_id":"14f9eb68-1107-4f2c-8372-62f49823148e-14123003904","trial_id":8,"param_name":"reg_lambda","param_value_internal":3.786478582775424,"distribution":"{\"name\": \"FloatDistribution\", \"attributes\": {\"step\": null, \"low\": 1e-08, \"high\": 10.0, \"log\": true}}"}
{"op_code":8,"worker_id":"14f9eb68-1107-4f2c-8372-62f49823148e-14106177536","trial_id":3,"user_attr":{"runtime":72.06796312332153}}
{"op_code":6,"worker_id":"14f9eb68-1107-4f2c-8372-62f49823148e-14106177536","trial_id":3,"state":2,"values":null,"datetime_complete":"2026-07-08T10:58:34.530540"}
{"op_code":4,"worker_id":"14f9eb68-1107-4f2c-8372-62f49823148e-14106177536","study_id":0,"datetime_start":"2026-07-08T10:58:34.532782"}
{"op_code":5,"worker_id":"14f9eb68-1107-4f2c-8372-62f49823148e-14106177536","trial_id":9,"param_name":"max_depth","param_value_internal":9.0,"distribution":"{\"name\": \"IntDistribution\", \"attributes\": {\"log\": false, \"step\": 1, \"low\": 1, \"high\": 10}}"}
{"op_code":5,"worker_id":"14f9eb68-1107-4f2c-8372-62f49823148e-14106177536","trial_id":9,"param_name":"num_leaves","param_value_internal":4569.0,"distribution":"{\"name\": \"IntDistribution\", \"attributes\": {\"log\": false, \"step\": 1, \"low\": 20, \"high\": 8000}}"}
{"op_code":5,"worker_id":"14f9eb68-1107-4f2c-8372-62f49823148e-14106177536","trial_id":9,"param_name":"min_child_samples","param_value_internal":50.0,"distribution":"{\"name\": \"IntDistribution\", \"attributes\": {\"log\": false, \"step\": 1, \"low\": 5, \"high\": 100}}"}
{"op_code":5,"worker_id":"14f9eb68-1107-4f2c-8372-62f49823148e-14106177536","trial_id":9,"param_name":"learning_rate","param_value_internal":0.007968028411558012,"distribution":"{\"name\": \"FloatDistribution\", \"attributes\": {\"step\": null, \"low\": 0.001, \"high\": 0.3, \"log\": true}}"}
{"op_code":5,"worker_id":"14f9eb68-1107-4f2c-8372-62f49823148e-14106177536","trial_id":9,"param_name":"n_estimators","param_value_internal":340.0,"distribution":"{\"name\": \"IntDistribution\", \"attributes\": {\"log\": false, \"step\": 1, \"low\": 10, \"high\": 1000}}"}
{"op_code":5,"worker_id":"14f9eb68-1107-4f2c-8372-62f49823148e-14106177536","trial_id":9,"param_name":"subsample","param_value_internal":0.4433605367438401,"distribution":"{\"name\": \"FloatDistribution\", \"attributes\": {\"step\": null, \"low\": 0.4, \"high\": 1.0, \"log\": false}}"}
{"op_code":5,"worker_id":"14f9eb68-1107-4f2c-8372-62f49823148e-14106177536","trial_id":9,"param_name":"colsample_bytree","param_value_internal":0.5732996659028838,"distribution":"{\"name\": \"FloatDistribution\", \"attributes\": {\"step\": null, \"low\": 0.4, \"high\": 1.0, \"log\": false}}"}
{"op_code":5,"worker_id":"14f9eb68-1107-4f2c-8372-62f49823148e-14106177536","trial_id":9,"param_name":"reg_alpha","param_value_internal":1.418005883243417e-14,"distribution":"{\"name\": \"FloatDistribution\", \"attributes\": {\"step\": null, \"low\": 1e-16, \"high\": 100.0, \"log\": true}}"}
{"op_code":5,"worker_id":"14f9eb68-1107-4f2c-8372-62f49823148e-14106177536","trial_id":9,"param_name":"reg_lambda","param_value_internal":0.22754122055380047,"distribution":"{\"name\": \"FloatDistribution\", \"attributes\": {\"step\": null, \"low\": 1e-08, \"high\": 10.0, \"log\": true}}"}
{"op_code":8,"worker_id":"14f9eb68-1107-4f2c-8372-62f49823148e-14123003904","trial_id":8,"user_attr":{"runtime":27.85465097427368}}
{"op_code":6,"worker_id":"14f9eb68-1107-4f2c-8372-62f49823148e-14123003904","trial_id":8,"state":1,"values":[7.021008932418134],"datetime_complete":"2026-07-08T10:58:48.925989"}
{"op_code":8,"worker_id":"14f9eb68-1107-4f2c-8372-62f49823148e-14139830272","trial_id":7,"user_attr":{"runtime":72.21048617362976}}
{"op_code":6,"worker_id":"14f9eb68-1107-4f2c-8372-62f49823148e-14139830272","trial_id":7,"state":2,"values":null,"datetime_complete":"2026-07-08T10:59:24.315407"}
{"op_code":8,"worker_id":"14f9eb68-1107-4f2c-8372-62f49823148e-14106177536","trial_id":9,"user_attr":{"runtime":67.36926794052124}}
{"op_code":6,"worker_id":"14f9eb68-1107-4f2c-8372-62f49823148e-14106177536","trial_id":9,"state":1,"values":[7.919368755408004],"datetime_complete":"2026-07-08T10:59:41.908031"}
