{"op_code":0,"worker_id":"cba045ed-ef7a-4f82-ae0f-1dd2f1982eef-8417681024","study_name":"mlforecast_lgbm","directions":[1]}
{"op_code":4,"worker_id":"cba045ed-ef7a-4f82-ae0f-1dd2f1982eef-14132785152","study_id":0,"datetime_start":"2026-07-08T10:53:31.145901"}
{"op_code":4,"worker_id":"cba045ed-ef7a-4f82-ae0f-1dd2f1982eef-14166437888","study_id":0,"datetime_start":"2026-07-08T10:53:31.147654"}
{"op_code":4,"worker_id":"cba045ed-ef7a-4f82-ae0f-1dd2f1982eef-14149611520","study_id":0,"datetime_start":"2026-07-08T10:53:31.147588"}
{"op_code":5,"worker_id":"cba045ed-ef7a-4f82-ae0f-1dd2f1982eef-14149611520","trial_id":2,"param_name":"max_depth","param_value_internal":1.0,"distribution":"{\"name\": \"IntDistribution\", \"attributes\": {\"log\": false, \"step\": 1, \"low\": 1, \"high\": 10}}"}
{"op_code":5,"worker_id":"cba045ed-ef7a-4f82-ae0f-1dd2f1982eef-14166437888","trial_id":1,"param_name":"max_depth","param_value_internal":10.0,"distribution":"{\"name\": \"IntDistribution\", \"attributes\": {\"log\": false, \"step\": 1, \"low\": 1, \"high\": 10}}"}
{"op_code":5,"worker_id":"cba045ed-ef7a-4f82-ae0f-1dd2f1982eef-14132785152","trial_id":0,"param_name":"max_depth","param_value_internal":3.0,"distribution":"{\"name\": \"IntDistribution\", \"attributes\": {\"log\": false, \"step\": 1, \"low\": 1, \"high\": 10}}"}
{"op_code":5,"worker_id":"cba045ed-ef7a-4f82-ae0f-1dd2f1982eef-14149611520","trial_id":2,"param_name":"num_leaves","param_value_internal":4700.0,"distribution":"{\"name\": \"IntDistribution\", \"attributes\": {\"log\": false, \"step\": 1, \"low\": 20, \"high\": 8000}}"}
{"op_code":5,"worker_id":"cba045ed-ef7a-4f82-ae0f-1dd2f1982eef-14166437888","trial_id":1,"param_name":"num_leaves","param_value_internal":3218.0,"distribution":"{\"name\": \"IntDistribution\", \"attributes\": {\"log\": false, \"step\": 1, \"low\": 20, \"high\": 8000}}"}
{"op_code":5,"worker_id":"cba045ed-ef7a-4f82-ae0f-1dd2f1982eef-14132785152","trial_id":0,"param_name":"num_leaves","param_value_internal":6556.0,"distribution":"{\"name\": \"IntDistribution\", \"attributes\": {\"log\": false, \"step\": 1, \"low\": 20, \"high\": 8000}}"}
{"op_code":5,"worker_id":"cba045ed-ef7a-4f82-ae0f-1dd2f1982eef-14149611520","trial_id":2,"param_name":"min_child_samples","param_value_internal":97.0,"distribution":"{\"name\": \"IntDistribution\", \"attributes\": {\"log\": false, \"step\": 1, \"low\": 5, \"high\": 100}}"}
{"op_code":5,"worker_id":"cba045ed-ef7a-4f82-ae0f-1dd2f1982eef-14166437888","trial_id":1,"param_name":"min_child_samples","param_value_internal":31.0,"distribution":"{\"name\": \"IntDistribution\", \"attributes\": {\"log\": false, \"step\": 1, \"low\": 5, \"high\": 100}}"}
{"op_code":5,"worker_id":"cba045ed-ef7a-4f82-ae0f-1dd2f1982eef-14132785152","trial_id":0,"param_name":"min_child_samples","param_value_internal":12.0,"distribution":"{\"name\": \"IntDistribution\", \"attributes\": {\"log\": false, \"step\": 1, \"low\": 5, \"high\": 100}}"}
{"op_code":5,"worker_id":"cba045ed-ef7a-4f82-ae0f-1dd2f1982eef-14149611520","trial_id":2,"param_name":"learning_rate","param_value_internal":0.020167489939746413,"distribution":"{\"name\": \"FloatDistribution\", \"attributes\": {\"step\": null, \"low\": 0.001, \"high\": 0.3, \"log\": true}}"}
{"op_code":5,"worker_id":"cba045ed-ef7a-4f82-ae0f-1dd2f1982eef-14166437888","trial_id":1,"param_name":"learning_rate","param_value_internal":0.0046992702421492834,"distribution":"{\"name\": \"FloatDistribution\", \"attributes\": {\"step\": null, \"low\": 0.001, \"high\": 0.3, \"log\": true}}"}
{"op_code":5,"worker_id":"cba045ed-ef7a-4f82-ae0f-1dd2f1982eef-14132785152","trial_id":0,"param_name":"learning_rate","param_value_internal":0.1205921824067236,"distribution":"{\"name\": \"FloatDistribution\", \"attributes\": {\"step\": null, \"low\": 0.001, \"high\": 0.3, \"log\": true}}"}
{"op_code":5,"worker_id":"cba045ed-ef7a-4f82-ae0f-1dd2f1982eef-14149611520","trial_id":2,"param_name":"n_estimators","param_value_internal":365.0,"distribution":"{\"name\": \"IntDistribution\", \"attributes\": {\"log\": false, \"step\": 1, \"low\": 10, \"high\": 1000}}"}
{"op_code":5,"worker_id":"cba045ed-ef7a-4f82-ae0f-1dd2f1982eef-14166437888","trial_id":1,"param_name":"n_estimators","param_value_internal":210.0,"distribution":"{\"name\": \"IntDistribution\", \"attributes\": {\"log\": false, \"step\": 1, \"low\": 10, \"high\": 1000}}"}
{"op_code":5,"worker_id":"cba045ed-ef7a-4f82-ae0f-1dd2f1982eef-14132785152","trial_id":0,"param_name":"n_estimators","param_value_internal":576.0,"distribution":"{\"name\": \"IntDistribution\", \"attributes\": {\"log\": false, \"step\": 1, \"low\": 10, \"high\": 1000}}"}
{"op_code":5,"worker_id":"cba045ed-ef7a-4f82-ae0f-1dd2f1982eef-14149611520","trial_id":2,"param_name":"subsample","param_value_internal":0.9862344271317653,"distribution":"{\"name\": \"FloatDistribution\", \"attributes\": {\"step\": null, \"low\": 0.4, \"high\": 1.0, \"log\": false}}"}
{"op_code":5,"worker_id":"cba045ed-ef7a-4f82-ae0f-1dd2f1982eef-14166437888","trial_id":1,"param_name":"subsample","param_value_internal":0.7210472555516493,"distribution":"{\"name\": \"FloatDistribution\", \"attributes\": {\"step\": null, \"low\": 0.4, \"high\": 1.0, \"log\": false}}"}
{"op_code":5,"worker_id":"cba045ed-ef7a-4f82-ae0f-1dd2f1982eef-14132785152","trial_id":0,"param_name":"subsample","param_value_internal":0.8695992320164042,"distribution":"{\"name\": \"FloatDistribution\", \"attributes\": {\"step\": null, \"low\": 0.4, \"high\": 1.0, \"log\": false}}"}
{"op_code":5,"worker_id":"cba045ed-ef7a-4f82-ae0f-1dd2f1982eef-14149611520","trial_id":2,"param_name":"colsample_bytree","param_value_internal":0.8601694953723283,"distribution":"{\"name\": \"FloatDistribution\", \"attributes\": {\"step\": null, \"low\": 0.4, \"high\": 1.0, \"log\": false}}"}
{"op_code":5,"worker_id":"cba045ed-ef7a-4f82-ae0f-1dd2f1982eef-14166437888","trial_id":1,"param_name":"colsample_bytree","param_value_internal":0.9401446049308939,"distribution":"{\"name\": \"FloatDistribution\", \"attributes\": {\"step\": null, \"low\": 0.4, \"high\": 1.0, \"log\": false}}"}
{"op_code":5,"worker_id":"cba045ed-ef7a-4f82-ae0f-1dd2f1982eef-14132785152","trial_id":0,"param_name":"colsample_bytree","param_value_internal":0.5655648452822438,"distribution":"{\"name\": \"FloatDistribution\", \"attributes\": {\"step\": null, \"low\": 0.4, \"high\": 1.0, \"log\": false}}"}
{"op_code":5,"worker_id":"cba045ed-ef7a-4f82-ae0f-1dd2f1982eef-14149611520","trial_id":2,"param_name":"reg_alpha","param_value_internal":0.06557410452336421,"distribution":"{\"name\": \"FloatDistribution\", \"attributes\": {\"step\": null, \"low\": 1e-16, \"high\": 100.0, \"log\": true}}"}
{"op_code":5,"worker_id":"cba045ed-ef7a-4f82-ae0f-1dd2f1982eef-14166437888","trial_id":1,"param_name":"reg_alpha","param_value_internal":2.30804466189099e-06,"distribution":"{\"name\": \"FloatDistribution\", \"attributes\": {\"step\": null, \"low\": 1e-16, \"high\": 100.0, \"log\": true}}"}
{"op_code":5,"worker_id":"cba045ed-ef7a-4f82-ae0f-1dd2f1982eef-14132785152","trial_id":0,"param_name":"reg_alpha","param_value_internal":6.507814311503526e-14,"distribution":"{\"name\": \"FloatDistribution\", \"attributes\": {\"step\": null, \"low\": 1e-16, \"high\": 100.0, \"log\": true}}"}
{"op_code":5,"worker_id":"cba045ed-ef7a-4f82-ae0f-1dd2f1982eef-14149611520","trial_id":2,"param_name":"reg_lambda","param_value_internal":0.5977755725979486,"distribution":"{\"name\": \"FloatDistribution\", \"attributes\": {\"step\": null, \"low\": 1e-08, \"high\": 10.0, \"log\": true}}"}
{"op_code":5,"worker_id":"cba045ed-ef7a-4f82-ae0f-1dd2f1982eef-14166437888","trial_id":1,"param_name":"reg_lambda","param_value_internal":0.00019837472994590173,"distribution":"{\"name\": \"FloatDistribution\", \"attributes\": {\"step\": null, \"low\": 1e-08, \"high\": 10.0, \"log\": true}}"}
{"op_code":5,"worker_id":"cba045ed-ef7a-4f82-ae0f-1dd2f1982eef-14132785152","trial_id":0,"param_name":"reg_lambda","param_value_internal":6.570719479839484e-07,"distribution":"{\"name\": \"FloatDistribution\", \"attributes\": {\"step\": null, \"low\": 1e-08, \"high\": 10.0, \"log\": true}}"}
{"op_code":8,"worker_id":"cba045ed-ef7a-4f82-ae0f-1dd2f1982eef-14149611520","trial_id":2,"user_attr":{"runtime":12.56044602394104}}
{"op_code":6,"worker_id":"cba045ed-ef7a-4f82-ae0f-1dd2f1982eef-14149611520","trial_id":2,"state":1,"values":[29.83091009183981],"datetime_complete":"2026-07-08T10:53:43.723185"}
{"op_code":4,"worker_id":"cba045ed-ef7a-4f82-ae0f-1dd2f1982eef-14149611520","study_id":0,"datetime_start":"2026-07-08T10:53:43.725566"}
{"op_code":5,"worker_id":"cba045ed-ef7a-4f82-ae0f-1dd2f1982eef-14149611520","trial_id":3,"param_name":"max_depth","param_value_internal":4.0,"distribution":"{\"name\": \"IntDistribution\", \"attributes\": {\"log\": false, \"step\": 1, \"low\": 1, \"high\": 10}}"}
{"op_code":5,"worker_id":"cba045ed-ef7a-4f82-ae0f-1dd2f1982eef-14149611520","trial_id":3,"param_name":"num_leaves","param_value_internal":3200.0,"distribution":"{\"name\": \"IntDistribution\", \"attributes\": {\"log\": false, \"step\": 1, \"low\": 20, \"high\": 8000}}"}
{"op_code":5,"worker_id":"cba045ed-ef7a-4f82-ae0f-1dd2f1982eef-14149611520","trial_id":3,"param_name":"min_child_samples","param_value_internal":10.0,"distribution":"{\"name\": \"IntDistribution\", \"attributes\": {\"log\": false, \"step\": 1, \"low\": 5, \"high\": 100}}"}
{"op_code":5,"worker_id":"cba045ed-ef7a-4f82-ae0f-1dd2f1982eef-14149611520","trial_id":3,"param_name":"learning_rate","param_value_internal":0.07414556022400284,"distribution":"{\"name\": \"FloatDistribution\", \"attributes\": {\"step\": null, \"low\": 0.001, \"high\": 0.3, \"log\": true}}"}
{"op_code":5,"worker_id":"cba045ed-ef7a-4f82-ae0f-1dd2f1982eef-14149611520","trial_id":3,"param_name":"n_estimators","param_value_internal":897.0,"distribution":"{\"name\": \"IntDistribution\", \"attributes\": {\"log\": false, \"step\": 1, \"low\": 10, \"high\": 1000}}"}
{"op_code":5,"worker_id":"cba045ed-ef7a-4f82-ae0f-1dd2f1982eef-14149611520","trial_id":3,"param_name":"subsample","param_value_internal":0.6340324580193714,"distribution":"{\"name\": \"FloatDistribution\", \"attributes\": {\"step\": null, \"low\": 0.4, \"high\": 1.0, \"log\": false}}"}
{"op_code":5,"worker_id":"cba045ed-ef7a-4f82-ae0f-1dd2f1982eef-14149611520","trial_id":3,"param_name":"colsample_bytree","param_value_internal":0.5703607155731022,"distribution":"{\"name\": \"FloatDistribution\", \"attributes\": {\"step\": null, \"low\": 0.4, \"high\": 1.0, \"log\": false}}"}
{"op_code":5,"worker_id":"cba045ed-ef7a-4f82-ae0f-1dd2f1982eef-14149611520","trial_id":3,"param_name":"reg_alpha","param_value_internal":6.484079582364e-08,"distribution":"{\"name\": \"FloatDistribution\", \"attributes\": {\"step\": null, \"low\": 1e-16, \"high\": 100.0, \"log\": true}}"}
{"op_code":5,"worker_id":"cba045ed-ef7a-4f82-ae0f-1dd2f1982eef-14149611520","trial_id":3,"param_name":"reg_lambda","param_value_internal":3.097530734098292e-06,"distribution":"{\"name\": \"FloatDistribution\", \"attributes\": {\"step\": null, \"low\": 1e-08, \"high\": 10.0, \"log\": true}}"}
{"op_code":8,"worker_id":"cba045ed-ef7a-4f82-ae0f-1dd2f1982eef-14132785152","trial_id":0,"user_attr":{"runtime":19.08498501777649}}
{"op_code":6,"worker_id":"cba045ed-ef7a-4f82-ae0f-1dd2f1982eef-14132785152","trial_id":0,"state":1,"values":[29.997150512510043],"datetime_complete":"2026-07-08T10:53:50.254296"}
{"op_code":4,"worker_id":"cba045ed-ef7a-4f82-ae0f-1dd2f1982eef-14132785152","study_id":0,"datetime_start":"2026-07-08T10:53:50.256442"}
{"op_code":5,"worker_id":"cba045ed-ef7a-4f82-ae0f-1dd2f1982eef-14132785152","trial_id":4,"param_name":"max_depth","param_value_internal":3.0,"distribution":"{\"name\": \"IntDistribution\", \"attributes\": {\"log\": false, \"step\": 1, \"low\": 1, \"high\": 10}}"}
{"op_code":5,"worker_id":"cba045ed-ef7a-4f82-ae0f-1dd2f1982eef-14132785152","trial_id":4,"param_name":"num_leaves","param_value_internal":1349.0,"distribution":"{\"name\": \"IntDistribution\", \"attributes\": {\"log\": false, \"step\": 1, \"low\": 20, \"high\": 8000}}"}
{"op_code":5,"worker_id":"cba045ed-ef7a-4f82-ae0f-1dd2f1982eef-14132785152","trial_id":4,"param_name":"min_child_samples","param_value_internal":38.0,"distribution":"{\"name\": \"IntDistribution\", \"attributes\": {\"log\": false, \"step\": 1, \"low\": 5, \"high\": 100}}"}
{"op_code":5,"worker_id":"cba045ed-ef7a-4f82-ae0f-1dd2f1982eef-14132785152","trial_id":4,"param_name":"learning_rate","param_value_internal":0.23607005920513524,"distribution":"{\"name\": \"FloatDistribution\", \"attributes\": {\"step\": null, \"low\": 0.001, \"high\": 0.3, \"log\": true}}"}
{"op_code":5,"worker_id":"cba045ed-ef7a-4f82-ae0f-1dd2f1982eef-14132785152","trial_id":4,"param_name":"n_estimators","param_value_internal":76.0,"distribution":"{\"name\": \"IntDistribution\", \"attributes\": {\"log\": false, \"step\": 1, \"low\": 10, \"high\": 1000}}"}
{"op_code":5,"worker_id":"cba045ed-ef7a-4f82-ae0f-1dd2f1982eef-14132785152","trial_id":4,"param_name":"subsample","param_value_internal":0.9857279901202542,"distribution":"{\"name\": \"FloatDistribution\", \"attributes\": {\"step\": null, \"low\": 0.4, \"high\": 1.0, \"log\": false}}"}
{"op_code":5,"worker_id":"cba045ed-ef7a-4f82-ae0f-1dd2f1982eef-14132785152","trial_id":4,"param_name":"colsample_bytree","param_value_internal":0.8127248010887909,"distribution":"{\"name\": \"FloatDistribution\", \"attributes\": {\"step\": null, \"low\": 0.4, \"high\": 1.0, \"log\": false}}"}
{"op_code":5,"worker_id":"cba045ed-ef7a-4f82-ae0f-1dd2f1982eef-14132785152","trial_id":4,"param_name":"reg_alpha","param_value_internal":5.787768296698744e-12,"distribution":"{\"name\": \"FloatDistribution\", \"attributes\": {\"step\": null, \"low\": 1e-16, \"high\": 100.0, \"log\": true}}"}
{"op_code":5,"worker_id":"cba045ed-ef7a-4f82-ae0f-1dd2f1982eef-14132785152","trial_id":4,"param_name":"reg_lambda","param_value_internal":0.00028082919690597684,"distribution":"{\"name\": \"FloatDistribution\", \"attributes\": {\"step\": null, \"low\": 1e-08, \"high\": 10.0, \"log\": true}}"}
{"op_code":8,"worker_id":"cba045ed-ef7a-4f82-ae0f-1dd2f1982eef-14132785152","trial_id":4,"user_attr":{"runtime":10.744327783584595}}
{"op_code":6,"worker_id":"cba045ed-ef7a-4f82-ae0f-1dd2f1982eef-14132785152","trial_id":4,"state":1,"values":[34.47198592674367],"datetime_complete":"2026-07-08T10:54:01.006637"}
{"op_code":4,"worker_id":"cba045ed-ef7a-4f82-ae0f-1dd2f1982eef-14132785152","study_id":0,"datetime_start":"2026-07-08T10:54:01.008970"}
{"op_code":5,"worker_id":"cba045ed-ef7a-4f82-ae0f-1dd2f1982eef-14132785152","trial_id":5,"param_name":"max_depth","param_value_internal":2.0,"distribution":"{\"name\": \"IntDistribution\", \"attributes\": {\"log\": false, \"step\": 1, \"low\": 1, \"high\": 10}}"}
{"op_code":5,"worker_id":"cba045ed-ef7a-4f82-ae0f-1dd2f1982eef-14132785152","trial_id":5,"param_name":"num_leaves","param_value_internal":7734.0,"distribution":"{\"name\": \"IntDistribution\", \"attributes\": {\"log\": false, \"step\": 1, \"low\": 20, \"high\": 8000}}"}
{"op_code":5,"worker_id":"cba045ed-ef7a-4f82-ae0f-1dd2f1982eef-14132785152","trial_id":5,"param_name":"min_child_samples","param_value_internal":84.0,"distribution":"{\"name\": \"IntDistribution\", \"attributes\": {\"log\": false, \"step\": 1, \"low\": 5, \"high\": 100}}"}
{"op_code":5,"worker_id":"cba045ed-ef7a-4f82-ae0f-1dd2f1982eef-14132785152","trial_id":5,"param_name":"learning_rate","param_value_internal":0.007013780618308553,"distribution":"{\"name\": \"FloatDistribution\", \"attributes\": {\"step\": null, \"low\": 0.001, \"high\": 0.3, \"log\": true}}"}
{"op_code":5,"worker_id":"cba045ed-ef7a-4f82-ae0f-1dd2f1982eef-14132785152","trial_id":5,"param_name":"n_estimators","param_value_internal":140.0,"distribution":"{\"name\": \"IntDistribution\", \"attributes\": {\"log\": false, \"step\": 1, \"low\": 10, \"high\": 1000}}"}
{"op_code":5,"worker_id":"cba045ed-ef7a-4f82-ae0f-1dd2f1982eef-14132785152","trial_id":5,"param_name":"subsample","param_value_internal":0.654957838362289,"distribution":"{\"name\": \"FloatDistribution\", \"attributes\": {\"step\": null, \"low\": 0.4, \"high\": 1.0, \"log\": false}}"}
{"op_code":5,"worker_id":"cba045ed-ef7a-4f82-ae0f-1dd2f1982eef-14132785152","trial_id":5,"param_name":"colsample_bytree","param_value_internal":0.9565434270297432,"distribution":"{\"name\": \"FloatDistribution\", \"attributes\": {\"step\": null, \"low\": 0.4, \"high\": 1.0, \"log\": false}}"}
{"op_code":5,"worker_id":"cba045ed-ef7a-4f82-ae0f-1dd2f1982eef-14132785152","trial_id":5,"param_name":"reg_alpha","param_value_internal":7.45096171587431e-09,"distribution":"{\"name\": \"FloatDistribution\", \"attributes\": {\"step\": null, \"low\": 1e-16, \"high\": 100.0, \"log\": true}}"}
{"op_code":5,"worker_id":"cba045ed-ef7a-4f82-ae0f-1dd2f1982eef-14132785152","trial_id":5,"param_name":"reg_lambda","param_value_internal":0.14084578847404453,"distribution":"{\"name\": \"FloatDistribution\", \"attributes\": {\"step\": null, \"low\": 1e-08, \"high\": 10.0, \"log\": true}}"}
{"op_code":8,"worker_id":"cba045ed-ef7a-4f82-ae0f-1dd2f1982eef-14132785152","trial_id":5,"user_attr":{"runtime":11.607187032699585}}
{"op_code":6,"worker_id":"cba045ed-ef7a-4f82-ae0f-1dd2f1982eef-14132785152","trial_id":5,"state":1,"values":[56.6278211301139],"datetime_complete":"2026-07-08T10:54:12.623668"}
{"op_code":4,"worker_id":"cba045ed-ef7a-4f82-ae0f-1dd2f1982eef-14132785152","study_id":0,"datetime_start":"2026-07-08T10:54:12.626165"}
{"op_code":5,"worker_id":"cba045ed-ef7a-4f82-ae0f-1dd2f1982eef-14132785152","trial_id":6,"param_name":"max_depth","param_value_internal":8.0,"distribution":"{\"name\": \"IntDistribution\", \"attributes\": {\"log\": false, \"step\": 1, \"low\": 1, \"high\": 10}}"}
{"op_code":5,"worker_id":"cba045ed-ef7a-4f82-ae0f-1dd2f1982eef-14132785152","trial_id":6,"param_name":"num_leaves","param_value_internal":3271.0,"distribution":"{\"name\": \"IntDistribution\", \"attributes\": {\"log\": false, \"step\": 1, \"low\": 20, \"high\": 8000}}"}
{"op_code":5,"worker_id":"cba045ed-ef7a-4f82-ae0f-1dd2f1982eef-14132785152","trial_id":6,"param_name":"min_child_samples","param_value_internal":60.0,"distribution":"{\"name\": \"IntDistribution\", \"attributes\": {\"log\": false, \"step\": 1, \"low\": 5, \"high\": 100}}"}
{"op_code":5,"worker_id":"cba045ed-ef7a-4f82-ae0f-1dd2f1982eef-14132785152","trial_id":6,"param_name":"learning_rate","param_value_internal":0.10963891287827225,"distribution":"{\"name\": \"FloatDistribution\", \"attributes\": {\"step\": null, \"low\": 0.001, \"high\": 0.3, \"log\": true}}"}
{"op_code":5,"worker_id":"cba045ed-ef7a-4f82-ae0f-1dd2f1982eef-14132785152","trial_id":6,"param_name":"n_estimators","param_value_internal":929.0,"distribution":"{\"name\": \"IntDistribution\", \"attributes\": {\"log\": false, \"step\": 1, \"low\": 10, \"high\": 1000}}"}
{"op_code":5,"worker_id":"cba045ed-ef7a-4f82-ae0f-1dd2f1982eef-14132785152","trial_id":6,"param_name":"subsample","param_value_internal":0.5870276423503472,"distribution":"{\"name\": \"FloatDistribution\", \"attributes\": {\"step\": null, \"low\": 0.4, \"high\": 1.0, \"log\": false}}"}
{"op_code":5,"worker_id":"cba045ed-ef7a-4f82-ae0f-1dd2f1982eef-14132785152","trial_id":6,"param_name":"colsample_bytree","param_value_internal":0.7670489696073264,"distribution":"{\"name\": \"FloatDistribution\", \"attributes\": {\"step\": null, \"low\": 0.4, \"high\": 1.0, \"log\": false}}"}
{"op_code":5,"worker_id":"cba045ed-ef7a-4f82-ae0f-1dd2f1982eef-14132785152","trial_id":6,"param_name":"reg_alpha","param_value_internal":2.6823099105692144e-15,"distribution":"{\"name\": \"FloatDistribution\", \"attributes\": {\"step\": null, \"low\": 1e-16, \"high\": 100.0, \"log\": true}}"}
{"op_code":5,"worker_id":"cba045ed-ef7a-4f82-ae0f-1dd2f1982eef-14132785152","trial_id":6,"param_name":"reg_lambda","param_value_internal":1.1976240601110586e-08,"distribution":"{\"name\": \"FloatDistribution\", \"attributes\": {\"step\": null, \"low\": 1e-08, \"high\": 10.0, \"log\": true}}"}
{"op_code":8,"worker_id":"cba045ed-ef7a-4f82-ae0f-1dd2f1982eef-14149611520","trial_id":3,"user_attr":{"runtime":30.307543992996216}}
{"op_code":6,"worker_id":"cba045ed-ef7a-4f82-ae0f-1dd2f1982eef-14149611520","trial_id":3,"state":1,"values":[31.73897622743955],"datetime_complete":"2026-07-08T10:54:14.039497"}
{"op_code":4,"worker_id":"cba045ed-ef7a-4f82-ae0f-1dd2f1982eef-14149611520","study_id":0,"datetime_start":"2026-07-08T10:54:14.041735"}
{"op_code":5,"worker_id":"cba045ed-ef7a-4f82-ae0f-1dd2f1982eef-14149611520","trial_id":7,"param_name":"max_depth","param_value_internal":3.0,"distribution":"{\"name\": \"IntDistribution\", \"attributes\": {\"log\": false, \"step\": 1, \"low\": 1, \"high\": 10}}"}
{"op_code":5,"worker_id":"cba045ed-ef7a-4f82-ae0f-1dd2f1982eef-14149611520","trial_id":7,"param_name":"num_leaves","param_value_internal":3326.0,"distribution":"{\"name\": \"IntDistribution\", \"attributes\": {\"log\": false, \"step\": 1, \"low\": 20, \"high\": 8000}}"}
{"op_code":5,"worker_id":"cba045ed-ef7a-4f82-ae0f-1dd2f1982eef-14149611520","trial_id":7,"param_name":"min_child_samples","param_value_internal":45.0,"distribution":"{\"name\": \"IntDistribution\", \"attributes\": {\"log\": false, \"step\": 1, \"low\": 5, \"high\": 100}}"}
{"op_code":5,"worker_id":"cba045ed-ef7a-4f82-ae0f-1dd2f1982eef-14149611520","trial_id":7,"param_name":"learning_rate","param_value_internal":0.12083647622434973,"distribution":"{\"name\": \"FloatDistribution\", \"attributes\": {\"step\": null, \"low\": 0.001, \"high\": 0.3, \"log\": true}}"}
{"op_code":5,"worker_id":"cba045ed-ef7a-4f82-ae0f-1dd2f1982eef-14149611520","trial_id":7,"param_name":"n_estimators","param_value_internal":303.0,"distribution":"{\"name\": \"IntDistribution\", \"attributes\": {\"log\": false, \"step\": 1, \"low\": 10, \"high\": 1000}}"}
{"op_code":5,"worker_id":"cba045ed-ef7a-4f82-ae0f-1dd2f1982eef-14149611520","trial_id":7,"param_name":"subsample","param_value_internal":0.5258605806692643,"distribution":"{\"name\": \"FloatDistribution\", \"attributes\": {\"step\": null, \"low\": 0.4, \"high\": 1.0, \"log\": false}}"}
{"op_code":5,"worker_id":"cba045ed-ef7a-4f82-ae0f-1dd2f1982eef-14149611520","trial_id":7,"param_name":"colsample_bytree","param_value_internal":0.7651357017266894,"distribution":"{\"name\": \"FloatDistribution\", \"attributes\": {\"step\": null, \"low\": 0.4, \"high\": 1.0, \"log\": false}}"}
{"op_code":5,"worker_id":"cba045ed-ef7a-4f82-ae0f-1dd2f1982eef-14149611520","trial_id":7,"param_name":"reg_alpha","param_value_internal":1.664458460010807e-05,"distribution":"{\"name\": \"FloatDistribution\", \"attributes\": {\"step\": null, \"low\": 1e-16, \"high\": 100.0, \"log\": true}}"}
{"op_code":5,"worker_id":"cba045ed-ef7a-4f82-ae0f-1dd2f1982eef-14149611520","trial_id":7,"param_name":"reg_lambda","param_value_internal":2.0715428987565204e-08,"distribution":"{\"name\": \"FloatDistribution\", \"attributes\": {\"step\": null, \"low\": 1e-08, \"high\": 10.0, \"log\": true}}"}
{"op_code":8,"worker_id":"cba045ed-ef7a-4f82-ae0f-1dd2f1982eef-14149611520","trial_id":7,"user_attr":{"runtime":14.685506820678711}}
{"op_code":6,"worker_id":"cba045ed-ef7a-4f82-ae0f-1dd2f1982eef-14149611520","trial_id":7,"state":1,"values":[21.65566619522857],"datetime_complete":"2026-07-08T10:54:28.734903"}
{"op_code":4,"worker_id":"cba045ed-ef7a-4f82-ae0f-1dd2f1982eef-14149611520","study_id":0,"datetime_start":"2026-07-08T10:54:28.736978"}
{"op_code":5,"worker_id":"cba045ed-ef7a-4f82-ae0f-1dd2f1982eef-14149611520","trial_id":8,"param_name":"max_depth","param_value_internal":5.0,"distribution":"{\"name\": \"IntDistribution\", \"attributes\": {\"log\": false, \"step\": 1, \"low\": 1, \"high\": 10}}"}
{"op_code":5,"worker_id":"cba045ed-ef7a-4f82-ae0f-1dd2f1982eef-14149611520","trial_id":8,"param_name":"num_leaves","param_value_internal":721.0,"distribution":"{\"name\": \"IntDistribution\", \"attributes\": {\"log\": false, \"step\": 1, \"low\": 20, \"high\": 8000}}"}
{"op_code":5,"worker_id":"cba045ed-ef7a-4f82-ae0f-1dd2f1982eef-14149611520","trial_id":8,"param_name":"min_child_samples","param_value_internal":42.0,"distribution":"{\"name\": \"IntDistribution\", \"attributes\": {\"log\": false, \"step\": 1, \"low\": 5, \"high\": 100}}"}
{"op_code":5,"worker_id":"cba045ed-ef7a-4f82-ae0f-1dd2f1982eef-14149611520","trial_id":8,"param_name":"learning_rate","param_value_internal":0.08517351125930939,"distribution":"{\"name\": \"FloatDistribution\", \"attributes\": {\"step\": null, \"low\": 0.001, \"high\": 0.3, \"log\": true}}"}
{"op_code":5,"worker_id":"cba045ed-ef7a-4f82-ae0f-1dd2f1982eef-14149611520","trial_id":8,"param_name":"n_estimators","param_value_internal":253.0,"distribution":"{\"name\": \"IntDistribution\", \"attributes\": {\"log\": false, \"step\": 1, \"low\": 10, \"high\": 1000}}"}
{"op_code":5,"worker_id":"cba045ed-ef7a-4f82-ae0f-1dd2f1982eef-14149611520","trial_id":8,"param_name":"subsample","param_value_internal":0.8750177901871402,"distribution":"{\"name\": \"FloatDistribution\", \"attributes\": {\"step\": null, \"low\": 0.4, \"high\": 1.0, \"log\": false}}"}
{"op_code":5,"worker_id":"cba045ed-ef7a-4f82-ae0f-1dd2f1982eef-14149611520","trial_id":8,"param_name":"colsample_bytree","param_value_internal":0.6268685895951351,"distribution":"{\"name\": \"FloatDistribution\", \"attributes\": {\"step\": null, \"low\": 0.4, \"high\": 1.0, \"log\": false}}"}
{"op_code":5,"worker_id":"cba045ed-ef7a-4f82-ae0f-1dd2f1982eef-14149611520","trial_id":8,"param_name":"reg_alpha","param_value_internal":4.613796352741599,"distribution":"{\"name\": \"FloatDistribution\", \"attributes\": {\"step\": null, \"low\": 1e-16, \"high\": 100.0, \"log\": true}}"}
{"op_code":5,"worker_id":"cba045ed-ef7a-4f82-ae0f-1dd2f1982eef-14149611520","trial_id":8,"param_name":"reg_lambda","param_value_internal":2.207132068457509,"distribution":"{\"name\": \"FloatDistribution\", \"attributes\": {\"step\": null, \"low\": 1e-08, \"high\": 10.0, \"log\": true}}"}
{"op_code":8,"worker_id":"cba045ed-ef7a-4f82-ae0f-1dd2f1982eef-14166437888","trial_id":1,"user_attr":{"runtime":72.15678882598877}}
{"op_code":6,"worker_id":"cba045ed-ef7a-4f82-ae0f-1dd2f1982eef-14166437888","trial_id":1,"state":2,"values":null,"datetime_complete":"2026-07-08T10:54:43.341740"}
{"op_code":4,"worker_id":"cba045ed-ef7a-4f82-ae0f-1dd2f1982eef-14166437888","study_id":0,"datetime_start":"2026-07-08T10:54:43.343900"}
{"op_code":5,"worker_id":"cba045ed-ef7a-4f82-ae0f-1dd2f1982eef-14166437888","trial_id":9,"param_name":"max_depth","param_value_internal":10.0,"distribution":"{\"name\": \"IntDistribution\", \"attributes\": {\"log\": false, \"step\": 1, \"low\": 1, \"high\": 10}}"}
{"op_code":5,"worker_id":"cba045ed-ef7a-4f82-ae0f-1dd2f1982eef-14166437888","trial_id":9,"param_name":"num_leaves","param_value_internal":2329.0,"distribution":"{\"name\": \"IntDistribution\", \"attributes\": {\"log\": false, \"step\": 1, \"low\": 20, \"high\": 8000}}"}
{"op_code":5,"worker_id":"cba045ed-ef7a-4f82-ae0f-1dd2f1982eef-14166437888","trial_id":9,"param_name":"min_child_samples","param_value_internal":75.0,"distribution":"{\"name\": \"IntDistribution\", \"attributes\": {\"log\": false, \"step\": 1, \"low\": 5, \"high\": 100}}"}
{"op_code":5,"worker_id":"cba045ed-ef7a-4f82-ae0f-1dd2f1982eef-14166437888","trial_id":9,"param_name":"learning_rate","param_value_internal":0.11249171728629066,"distribution":"{\"name\": \"FloatDistribution\", \"attributes\": {\"step\": null, \"low\": 0.001, \"high\": 0.3, \"log\": true}}"}
{"op_code":5,"worker_id":"cba045ed-ef7a-4f82-ae0f-1dd2f1982eef-14166437888","trial_id":9,"param_name":"n_estimators","param_value_internal":446.0,"distribution":"{\"name\": \"IntDistribution\", \"attributes\": {\"log\": false, \"step\": 1, \"low\": 10, \"high\": 1000}}"}
{"op_code":5,"worker_id":"cba045ed-ef7a-4f82-ae0f-1dd2f1982eef-14166437888","trial_id":9,"param_name":"subsample","param_value_internal":0.7455543203790249,"distribution":"{\"name\": \"FloatDistribution\", \"attributes\": {\"step\": null, \"low\": 0.4, \"high\": 1.0, \"log\": false}}"}
{"op_code":5,"worker_id":"cba045ed-ef7a-4f82-ae0f-1dd2f1982eef-14166437888","trial_id":9,"param_name":"colsample_bytree","param_value_internal":0.7263615283146779,"distribution":"{\"name\": \"FloatDistribution\", \"attributes\": {\"step\": null, \"low\": 0.4, \"high\": 1.0, \"log\": false}}"}
{"op_code":5,"worker_id":"cba045ed-ef7a-4f82-ae0f-1dd2f1982eef-14166437888","trial_id":9,"param_name":"reg_alpha","param_value_internal":0.07233712300587573,"distribution":"{\"name\": \"FloatDistribution\", \"attributes\": {\"step\": null, \"low\": 1e-16, \"high\": 100.0, \"log\": true}}"}
{"op_code":5,"worker_id":"cba045ed-ef7a-4f82-ae0f-1dd2f1982eef-14166437888","trial_id":9,"param_name":"reg_lambda","param_value_internal":1.1287397094544225,"distribution":"{\"name\": \"FloatDistribution\", \"attributes\": {\"step\": null, \"low\": 1e-08, \"high\": 10.0, \"log\": true}}"}
{"op_code":8,"worker_id":"cba045ed-ef7a-4f82-ae0f-1dd2f1982eef-14149611520","trial_id":8,"user_attr":{"runtime":18.332715034484863}}
{"op_code":6,"worker_id":"cba045ed-ef7a-4f82-ae0f-1dd2f1982eef-14149611520","trial_id":8,"state":1,"values":[28.20531646096626],"datetime_complete":"2026-07-08T10:54:47.075735"}
{"op_code":8,"worker_id":"cba045ed-ef7a-4f82-ae0f-1dd2f1982eef-14132785152","trial_id":6,"user_attr":{"runtime":57.385910987854004}}
{"op_code":6,"worker_id":"cba045ed-ef7a-4f82-ae0f-1dd2f1982eef-14132785152","trial_id":6,"state":1,"values":[23.264211590808006],"datetime_complete":"2026-07-08T10:55:10.019846"}
{"op_code":8,"worker_id":"cba045ed-ef7a-4f82-ae0f-1dd2f1982eef-14166437888","trial_id":9,"user_attr":{"runtime":39.60647392272949}}
{"op_code":6,"worker_id":"cba045ed-ef7a-4f82-ae0f-1dd2f1982eef-14166437888","trial_id":9,"state":1,"values":[19.491543876118193],"datetime_complete":"2026-07-08T10:55:22.956390"}
