{"op_code":0,"worker_id":"97db46f9-33de-46cc-a532-e6ebd6523ee1-8417681024","study_name":"mlforecast_lgbm_q25","directions":[1]}
{"op_code":4,"worker_id":"97db46f9-33de-46cc-a532-e6ebd6523ee1-14170288128","study_id":0,"datetime_start":"2026-07-08T10:55:29.051151"}
{"op_code":4,"worker_id":"97db46f9-33de-46cc-a532-e6ebd6523ee1-14203940864","study_id":0,"datetime_start":"2026-07-08T10:55:29.054967"}
{"op_code":4,"worker_id":"97db46f9-33de-46cc-a532-e6ebd6523ee1-14187114496","study_id":0,"datetime_start":"2026-07-08T10:55:29.054917"}
{"op_code":5,"worker_id":"97db46f9-33de-46cc-a532-e6ebd6523ee1-14170288128","trial_id":0,"param_name":"max_depth","param_value_internal":6.0,"distribution":"{\"name\": \"IntDistribution\", \"attributes\": {\"log\": false, \"step\": 1, \"low\": 1, \"high\": 10}}"}
{"op_code":5,"worker_id":"97db46f9-33de-46cc-a532-e6ebd6523ee1-14203940864","trial_id":1,"param_name":"max_depth","param_value_internal":8.0,"distribution":"{\"name\": \"IntDistribution\", \"attributes\": {\"log\": false, \"step\": 1, \"low\": 1, \"high\": 10}}"}
{"op_code":5,"worker_id":"97db46f9-33de-46cc-a532-e6ebd6523ee1-14187114496","trial_id":2,"param_name":"max_depth","param_value_internal":5.0,"distribution":"{\"name\": \"IntDistribution\", \"attributes\": {\"log\": false, \"step\": 1, \"low\": 1, \"high\": 10}}"}
{"op_code":5,"worker_id":"97db46f9-33de-46cc-a532-e6ebd6523ee1-14170288128","trial_id":0,"param_name":"num_leaves","param_value_internal":2696.0,"distribution":"{\"name\": \"IntDistribution\", \"attributes\": {\"log\": false, \"step\": 1, \"low\": 20, \"high\": 8000}}"}
{"op_code":5,"worker_id":"97db46f9-33de-46cc-a532-e6ebd6523ee1-14203940864","trial_id":1,"param_name":"num_leaves","param_value_internal":7986.0,"distribution":"{\"name\": \"IntDistribution\", \"attributes\": {\"log\": false, \"step\": 1, \"low\": 20, \"high\": 8000}}"}
{"op_code":5,"worker_id":"97db46f9-33de-46cc-a532-e6ebd6523ee1-14187114496","trial_id":2,"param_name":"num_leaves","param_value_internal":7570.0,"distribution":"{\"name\": \"IntDistribution\", \"attributes\": {\"log\": false, \"step\": 1, \"low\": 20, \"high\": 8000}}"}
{"op_code":5,"worker_id":"97db46f9-33de-46cc-a532-e6ebd6523ee1-14170288128","trial_id":0,"param_name":"min_child_samples","param_value_internal":50.0,"distribution":"{\"name\": \"IntDistribution\", \"attributes\": {\"log\": false, \"step\": 1, \"low\": 5, \"high\": 100}}"}
{"op_code":5,"worker_id":"97db46f9-33de-46cc-a532-e6ebd6523ee1-14203940864","trial_id":1,"param_name":"min_child_samples","param_value_internal":96.0,"distribution":"{\"name\": \"IntDistribution\", \"attributes\": {\"log\": false, \"step\": 1, \"low\": 5, \"high\": 100}}"}
{"op_code":5,"worker_id":"97db46f9-33de-46cc-a532-e6ebd6523ee1-14187114496","trial_id":2,"param_name":"min_child_samples","param_value_internal":85.0,"distribution":"{\"name\": \"IntDistribution\", \"attributes\": {\"log\": false, \"step\": 1, \"low\": 5, \"high\": 100}}"}
{"op_code":5,"worker_id":"97db46f9-33de-46cc-a532-e6ebd6523ee1-14170288128","trial_id":0,"param_name":"learning_rate","param_value_internal":0.26665338975796526,"distribution":"{\"name\": \"FloatDistribution\", \"attributes\": {\"step\": null, \"low\": 0.001, \"high\": 0.3, \"log\": true}}"}
{"op_code":5,"worker_id":"97db46f9-33de-46cc-a532-e6ebd6523ee1-14203940864","trial_id":1,"param_name":"learning_rate","param_value_internal":0.0056115000289448875,"distribution":"{\"name\": \"FloatDistribution\", \"attributes\": {\"step\": null, \"low\": 0.001, \"high\": 0.3, \"log\": true}}"}
{"op_code":5,"worker_id":"97db46f9-33de-46cc-a532-e6ebd6523ee1-14187114496","trial_id":2,"param_name":"learning_rate","param_value_internal":0.05871208120815506,"distribution":"{\"name\": \"FloatDistribution\", \"attributes\": {\"step\": null, \"low\": 0.001, \"high\": 0.3, \"log\": true}}"}
{"op_code":5,"worker_id":"97db46f9-33de-46cc-a532-e6ebd6523ee1-14170288128","trial_id":0,"param_name":"n_estimators","param_value_internal":459.0,"distribution":"{\"name\": \"IntDistribution\", \"attributes\": {\"log\": false, \"step\": 1, \"low\": 10, \"high\": 1000}}"}
{"op_code":5,"worker_id":"97db46f9-33de-46cc-a532-e6ebd6523ee1-14203940864","trial_id":1,"param_name":"n_estimators","param_value_internal":909.0,"distribution":"{\"name\": \"IntDistribution\", \"attributes\": {\"log\": false, \"step\": 1, \"low\": 10, \"high\": 1000}}"}
{"op_code":5,"worker_id":"97db46f9-33de-46cc-a532-e6ebd6523ee1-14187114496","trial_id":2,"param_name":"n_estimators","param_value_internal":257.0,"distribution":"{\"name\": \"IntDistribution\", \"attributes\": {\"log\": false, \"step\": 1, \"low\": 10, \"high\": 1000}}"}
{"op_code":5,"worker_id":"97db46f9-33de-46cc-a532-e6ebd6523ee1-14170288128","trial_id":0,"param_name":"subsample","param_value_internal":0.4692854598238273,"distribution":"{\"name\": \"FloatDistribution\", \"attributes\": {\"step\": null, \"low\": 0.4, \"high\": 1.0, \"log\": false}}"}
{"op_code":5,"worker_id":"97db46f9-33de-46cc-a532-e6ebd6523ee1-14203940864","trial_id":1,"param_name":"subsample","param_value_internal":0.8833305272251685,"distribution":"{\"name\": \"FloatDistribution\", \"attributes\": {\"step\": null, \"low\": 0.4, \"high\": 1.0, \"log\": false}}"}
{"op_code":5,"worker_id":"97db46f9-33de-46cc-a532-e6ebd6523ee1-14187114496","trial_id":2,"param_name":"subsample","param_value_internal":0.9219674400795742,"distribution":"{\"name\": \"FloatDistribution\", \"attributes\": {\"step\": null, \"low\": 0.4, \"high\": 1.0, \"log\": false}}"}
{"op_code":5,"worker_id":"97db46f9-33de-46cc-a532-e6ebd6523ee1-14170288128","trial_id":0,"param_name":"colsample_bytree","param_value_internal":0.7474931161252227,"distribution":"{\"name\": \"FloatDistribution\", \"attributes\": {\"step\": null, \"low\": 0.4, \"high\": 1.0, \"log\": false}}"}
{"op_code":5,"worker_id":"97db46f9-33de-46cc-a532-e6ebd6523ee1-14203940864","trial_id":1,"param_name":"colsample_bytree","param_value_internal":0.9580272075168712,"distribution":"{\"name\": \"FloatDistribution\", \"attributes\": {\"step\": null, \"low\": 0.4, \"high\": 1.0, \"log\": false}}"}
{"op_code":5,"worker_id":"97db46f9-33de-46cc-a532-e6ebd6523ee1-14187114496","trial_id":2,"param_name":"colsample_bytree","param_value_internal":0.6777124747150418,"distribution":"{\"name\": \"FloatDistribution\", \"attributes\": {\"step\": null, \"low\": 0.4, \"high\": 1.0, \"log\": false}}"}
{"op_code":5,"worker_id":"97db46f9-33de-46cc-a532-e6ebd6523ee1-14170288128","trial_id":0,"param_name":"reg_alpha","param_value_internal":3.5339834000027285e-10,"distribution":"{\"name\": \"FloatDistribution\", \"attributes\": {\"step\": null, \"low\": 1e-16, \"high\": 100.0, \"log\": true}}"}
{"op_code":5,"worker_id":"97db46f9-33de-46cc-a532-e6ebd6523ee1-14203940864","trial_id":1,"param_name":"reg_alpha","param_value_internal":1.0600804534239705e-09,"distribution":"{\"name\": \"FloatDistribution\", \"attributes\": {\"step\": null, \"low\": 1e-16, \"high\": 100.0, \"log\": true}}"}
{"op_code":5,"worker_id":"97db46f9-33de-46cc-a532-e6ebd6523ee1-14187114496","trial_id":2,"param_name":"reg_alpha","param_value_internal":0.005382439750012775,"distribution":"{\"name\": \"FloatDistribution\", \"attributes\": {\"step\": null, \"low\": 1e-16, \"high\": 100.0, \"log\": true}}"}
{"op_code":5,"worker_id":"97db46f9-33de-46cc-a532-e6ebd6523ee1-14170288128","trial_id":0,"param_name":"reg_lambda","param_value_internal":4.820785742815228e-07,"distribution":"{\"name\": \"FloatDistribution\", \"attributes\": {\"step\": null, \"low\": 1e-08, \"high\": 10.0, \"log\": true}}"}
{"op_code":5,"worker_id":"97db46f9-33de-46cc-a532-e6ebd6523ee1-14203940864","trial_id":1,"param_name":"reg_lambda","param_value_internal":0.17121427201056763,"distribution":"{\"name\": \"FloatDistribution\", \"attributes\": {\"step\": null, \"low\": 1e-08, \"high\": 10.0, \"log\": true}}"}
{"op_code":5,"worker_id":"97db46f9-33de-46cc-a532-e6ebd6523ee1-14187114496","trial_id":2,"param_name":"reg_lambda","param_value_internal":3.5122587127596816e-07,"distribution":"{\"name\": \"FloatDistribution\", \"attributes\": {\"step\": null, \"low\": 1e-08, \"high\": 10.0, \"log\": true}}"}
{"op_code":8,"worker_id":"97db46f9-33de-46cc-a532-e6ebd6523ee1-14187114496","trial_id":2,"user_attr":{"runtime":20.82009506225586}}
{"op_code":6,"worker_id":"97db46f9-33de-46cc-a532-e6ebd6523ee1-14187114496","trial_id":2,"state":1,"values":[7.613343227879277],"datetime_complete":"2026-07-08T10:55:49.916330"}
{"op_code":4,"worker_id":"97db46f9-33de-46cc-a532-e6ebd6523ee1-14187114496","study_id":0,"datetime_start":"2026-07-08T10:55:49.918538"}
{"op_code":5,"worker_id":"97db46f9-33de-46cc-a532-e6ebd6523ee1-14187114496","trial_id":3,"param_name":"max_depth","param_value_internal":5.0,"distribution":"{\"name\": \"IntDistribution\", \"attributes\": {\"log\": false, \"step\": 1, \"low\": 1, \"high\": 10}}"}
{"op_code":5,"worker_id":"97db46f9-33de-46cc-a532-e6ebd6523ee1-14187114496","trial_id":3,"param_name":"num_leaves","param_value_internal":2835.0,"distribution":"{\"name\": \"IntDistribution\", \"attributes\": {\"log\": false, \"step\": 1, \"low\": 20, \"high\": 8000}}"}
{"op_code":5,"worker_id":"97db46f9-33de-46cc-a532-e6ebd6523ee1-14187114496","trial_id":3,"param_name":"min_child_samples","param_value_internal":15.0,"distribution":"{\"name\": \"IntDistribution\", \"attributes\": {\"log\": false, \"step\": 1, \"low\": 5, \"high\": 100}}"}
{"op_code":5,"worker_id":"97db46f9-33de-46cc-a532-e6ebd6523ee1-14187114496","trial_id":3,"param_name":"learning_rate","param_value_internal":0.054392114853145594,"distribution":"{\"name\": \"FloatDistribution\", \"attributes\": {\"step\": null, \"low\": 0.001, \"high\": 0.3, \"log\": true}}"}
{"op_code":5,"worker_id":"97db46f9-33de-46cc-a532-e6ebd6523ee1-14187114496","trial_id":3,"param_name":"n_estimators","param_value_internal":219.0,"distribution":"{\"name\": \"IntDistribution\", \"attributes\": {\"log\": false, \"step\": 1, \"low\": 10, \"high\": 1000}}"}
{"op_code":5,"worker_id":"97db46f9-33de-46cc-a532-e6ebd6523ee1-14187114496","trial_id":3,"param_name":"subsample","param_value_internal":0.5810116060390952,"distribution":"{\"name\": \"FloatDistribution\", \"attributes\": {\"step\": null, \"low\": 0.4, \"high\": 1.0, \"log\": false}}"}
{"op_code":5,"worker_id":"97db46f9-33de-46cc-a532-e6ebd6523ee1-14187114496","trial_id":3,"param_name":"colsample_bytree","param_value_internal":0.5959292095471282,"distribution":"{\"name\": \"FloatDistribution\", \"attributes\": {\"step\": null, \"low\": 0.4, \"high\": 1.0, \"log\": false}}"}
{"op_code":5,"worker_id":"97db46f9-33de-46cc-a532-e6ebd6523ee1-14187114496","trial_id":3,"param_name":"reg_alpha","param_value_internal":0.14746398989963813,"distribution":"{\"name\": \"FloatDistribution\", \"attributes\": {\"step\": null, \"low\": 1e-16, \"high\": 100.0, \"log\": true}}"}
{"op_code":5,"worker_id":"97db46f9-33de-46cc-a532-e6ebd6523ee1-14187114496","trial_id":3,"param_name":"reg_lambda","param_value_internal":1.1126560043876121e-08,"distribution":"{\"name\": \"FloatDistribution\", \"attributes\": {\"step\": null, \"low\": 1e-08, \"high\": 10.0, \"log\": true}}"}
{"op_code":8,"worker_id":"97db46f9-33de-46cc-a532-e6ebd6523ee1-14170288128","trial_id":0,"user_attr":{"runtime":36.44938015937805}}
{"op_code":6,"worker_id":"97db46f9-33de-46cc-a532-e6ebd6523ee1-14170288128","trial_id":0,"state":1,"values":[5.990697179890755],"datetime_complete":"2026-07-08T10:56:05.517192"}
{"op_code":4,"worker_id":"97db46f9-33de-46cc-a532-e6ebd6523ee1-14170288128","study_id":0,"datetime_start":"2026-07-08T10:56:05.519366"}
{"op_code":5,"worker_id":"97db46f9-33de-46cc-a532-e6ebd6523ee1-14170288128","trial_id":4,"param_name":"max_depth","param_value_internal":8.0,"distribution":"{\"name\": \"IntDistribution\", \"attributes\": {\"log\": false, \"step\": 1, \"low\": 1, \"high\": 10}}"}
{"op_code":5,"worker_id":"97db46f9-33de-46cc-a532-e6ebd6523ee1-14170288128","trial_id":4,"param_name":"num_leaves","param_value_internal":4943.0,"distribution":"{\"name\": \"IntDistribution\", \"attributes\": {\"log\": false, \"step\": 1, \"low\": 20, \"high\": 8000}}"}
{"op_code":5,"worker_id":"97db46f9-33de-46cc-a532-e6ebd6523ee1-14170288128","trial_id":4,"param_name":"min_child_samples","param_value_internal":6.0,"distribution":"{\"name\": \"IntDistribution\", \"attributes\": {\"log\": false, \"step\": 1, \"low\": 5, \"high\": 100}}"}
{"op_code":5,"worker_id":"97db46f9-33de-46cc-a532-e6ebd6523ee1-14170288128","trial_id":4,"param_name":"learning_rate","param_value_internal":0.0576550957032828,"distribution":"{\"name\": \"FloatDistribution\", \"attributes\": {\"step\": null, \"low\": 0.001, \"high\": 0.3, \"log\": true}}"}
{"op_code":5,"worker_id":"97db46f9-33de-46cc-a532-e6ebd6523ee1-14170288128","trial_id":4,"param_name":"n_estimators","param_value_internal":186.0,"distribution":"{\"name\": \"IntDistribution\", \"attributes\": {\"log\": false, \"step\": 1, \"low\": 10, \"high\": 1000}}"}
{"op_code":5,"worker_id":"97db46f9-33de-46cc-a532-e6ebd6523ee1-14170288128","trial_id":4,"param_name":"subsample","param_value_internal":0.9171084851859566,"distribution":"{\"name\": \"FloatDistribution\", \"attributes\": {\"step\": null, \"low\": 0.4, \"high\": 1.0, \"log\": false}}"}
{"op_code":5,"worker_id":"97db46f9-33de-46cc-a532-e6ebd6523ee1-14170288128","trial_id":4,"param_name":"colsample_bytree","param_value_internal":0.5800055398110953,"distribution":"{\"name\": \"FloatDistribution\", \"attributes\": {\"step\": null, \"low\": 0.4, \"high\": 1.0, \"log\": false}}"}
{"op_code":5,"worker_id":"97db46f9-33de-46cc-a532-e6ebd6523ee1-14170288128","trial_id":4,"param_name":"reg_alpha","param_value_internal":62.04171269402325,"distribution":"{\"name\": \"FloatDistribution\", \"attributes\": {\"step\": null, \"low\": 1e-16, \"high\": 100.0, \"log\": true}}"}
{"op_code":5,"worker_id":"97db46f9-33de-46cc-a532-e6ebd6523ee1-14170288128","trial_id":4,"param_name":"reg_lambda","param_value_internal":8.302440478711948e-07,"distribution":"{\"name\": \"FloatDistribution\", \"attributes\": {\"step\": null, \"low\": 1e-08, \"high\": 10.0, \"log\": true}}"}
{"op_code":8,"worker_id":"97db46f9-33de-46cc-a532-e6ebd6523ee1-14187114496","trial_id":3,"user_attr":{"runtime":19.178626775741577}}
{"op_code":6,"worker_id":"97db46f9-33de-46cc-a532-e6ebd6523ee1-14187114496","trial_id":3,"state":1,"values":[6.959835690229341],"datetime_complete":"2026-07-08T10:56:09.103383"}
{"op_code":4,"worker_id":"97db46f9-33de-46cc-a532-e6ebd6523ee1-14187114496","study_id":0,"datetime_start":"2026-07-08T10:56:09.105468"}
{"op_code":5,"worker_id":"97db46f9-33de-46cc-a532-e6ebd6523ee1-14187114496","trial_id":5,"param_name":"max_depth","param_value_internal":2.0,"distribution":"{\"name\": \"IntDistribution\", \"attributes\": {\"log\": false, \"step\": 1, \"low\": 1, \"high\": 10}}"}
{"op_code":5,"worker_id":"97db46f9-33de-46cc-a532-e6ebd6523ee1-14187114496","trial_id":5,"param_name":"num_leaves","param_value_internal":4676.0,"distribution":"{\"name\": \"IntDistribution\", \"attributes\": {\"log\": false, \"step\": 1, \"low\": 20, \"high\": 8000}}"}
{"op_code":5,"worker_id":"97db46f9-33de-46cc-a532-e6ebd6523ee1-14187114496","trial_id":5,"param_name":"min_child_samples","param_value_internal":90.0,"distribution":"{\"name\": \"IntDistribution\", \"attributes\": {\"log\": false, \"step\": 1, \"low\": 5, \"high\": 100}}"}
{"op_code":5,"worker_id":"97db46f9-33de-46cc-a532-e6ebd6523ee1-14187114496","trial_id":5,"param_name":"learning_rate","param_value_internal":0.1360277608166763,"distribution":"{\"name\": \"FloatDistribution\", \"attributes\": {\"step\": null, \"low\": 0.001, \"high\": 0.3, \"log\": true}}"}
{"op_code":5,"worker_id":"97db46f9-33de-46cc-a532-e6ebd6523ee1-14187114496","trial_id":5,"param_name":"n_estimators","param_value_internal":613.0,"distribution":"{\"name\": \"IntDistribution\", \"attributes\": {\"log\": false, \"step\": 1, \"low\": 10, \"high\": 1000}}"}
{"op_code":5,"worker_id":"97db46f9-33de-46cc-a532-e6ebd6523ee1-14187114496","trial_id":5,"param_name":"subsample","param_value_internal":0.5085982350093569,"distribution":"{\"name\": \"FloatDistribution\", \"attributes\": {\"step\": null, \"low\": 0.4, \"high\": 1.0, \"log\": false}}"}
{"op_code":5,"worker_id":"97db46f9-33de-46cc-a532-e6ebd6523ee1-14187114496","trial_id":5,"param_name":"colsample_bytree","param_value_internal":0.7202523845806785,"distribution":"{\"name\": \"FloatDistribution\", \"attributes\": {\"step\": null, \"low\": 0.4, \"high\": 1.0, \"log\": false}}"}
{"op_code":5,"worker_id":"97db46f9-33de-46cc-a532-e6ebd6523ee1-14187114496","trial_id":5,"param_name":"reg_alpha","param_value_internal":7.261821174547988e-08,"distribution":"{\"name\": \"FloatDistribution\", \"attributes\": {\"step\": null, \"low\": 1e-16, \"high\": 100.0, \"log\": true}}"}
{"op_code":5,"worker_id":"97db46f9-33de-46cc-a532-e6ebd6523ee1-14187114496","trial_id":5,"param_name":"reg_lambda","param_value_internal":0.08581383076185284,"distribution":"{\"name\": \"FloatDistribution\", \"attributes\": {\"step\": null, \"low\": 1e-08, \"high\": 10.0, \"log\": true}}"}
{"op_code":8,"worker_id":"97db46f9-33de-46cc-a532-e6ebd6523ee1-14170288128","trial_id":4,"user_attr":{"runtime":21.02405095100403}}
{"op_code":6,"worker_id":"97db46f9-33de-46cc-a532-e6ebd6523ee1-14170288128","trial_id":4,"state":1,"values":[7.750995993470161],"datetime_complete":"2026-07-08T10:56:26.549613"}
{"op_code":4,"worker_id":"97db46f9-33de-46cc-a532-e6ebd6523ee1-14170288128","study_id":0,"datetime_start":"2026-07-08T10:56:26.551697"}
{"op_code":5,"worker_id":"97db46f9-33de-46cc-a532-e6ebd6523ee1-14170288128","trial_id":6,"param_name":"max_depth","param_value_internal":1.0,"distribution":"{\"name\": \"IntDistribution\", \"attributes\": {\"log\": false, \"step\": 1, \"low\": 1, \"high\": 10}}"}
{"op_code":5,"worker_id":"97db46f9-33de-46cc-a532-e6ebd6523ee1-14170288128","trial_id":6,"param_name":"num_leaves","param_value_internal":2818.0,"distribution":"{\"name\": \"IntDistribution\", \"attributes\": {\"log\": false, \"step\": 1, \"low\": 20, \"high\": 8000}}"}
{"op_code":5,"worker_id":"97db46f9-33de-46cc-a532-e6ebd6523ee1-14170288128","trial_id":6,"param_name":"min_child_samples","param_value_internal":46.0,"distribution":"{\"name\": \"IntDistribution\", \"attributes\": {\"log\": false, \"step\": 1, \"low\": 5, \"high\": 100}}"}
{"op_code":5,"worker_id":"97db46f9-33de-46cc-a532-e6ebd6523ee1-14170288128","trial_id":6,"param_name":"learning_rate","param_value_internal":0.19351513647057567,"distribution":"{\"name\": \"FloatDistribution\", \"attributes\": {\"step\": null, \"low\": 0.001, \"high\": 0.3, \"log\": true}}"}
{"op_code":5,"worker_id":"97db46f9-33de-46cc-a532-e6ebd6523ee1-14170288128","trial_id":6,"param_name":"n_estimators","param_value_internal":376.0,"distribution":"{\"name\": \"IntDistribution\", \"attributes\": {\"log\": false, \"step\": 1, \"low\": 10, \"high\": 1000}}"}
{"op_code":5,"worker_id":"97db46f9-33de-46cc-a532-e6ebd6523ee1-14170288128","trial_id":6,"param_name":"subsample","param_value_internal":0.5900406697972634,"distribution":"{\"name\": \"FloatDistribution\", \"attributes\": {\"step\": null, \"low\": 0.4, \"high\": 1.0, \"log\": false}}"}
{"op_code":5,"worker_id":"97db46f9-33de-46cc-a532-e6ebd6523ee1-14170288128","trial_id":6,"param_name":"colsample_bytree","param_value_internal":0.7011581160170501,"distribution":"{\"name\": \"FloatDistribution\", \"attributes\": {\"step\": null, \"low\": 0.4, \"high\": 1.0, \"log\": false}}"}
{"op_code":5,"worker_id":"97db46f9-33de-46cc-a532-e6ebd6523ee1-14170288128","trial_id":6,"param_name":"reg_alpha","param_value_internal":4.2699864053809105e-12,"distribution":"{\"name\": \"FloatDistribution\", \"attributes\": {\"step\": null, \"low\": 1e-16, \"high\": 100.0, \"log\": true}}"}
{"op_code":5,"worker_id":"97db46f9-33de-46cc-a532-e6ebd6523ee1-14170288128","trial_id":6,"param_name":"reg_lambda","param_value_internal":7.2837457574318116e-06,"distribution":"{\"name\": \"FloatDistribution\", \"attributes\": {\"step\": null, \"low\": 1e-08, \"high\": 10.0, \"log\": true}}"}
{"op_code":8,"worker_id":"97db46f9-33de-46cc-a532-e6ebd6523ee1-14187114496","trial_id":5,"user_attr":{"runtime":22.71082305908203}}
{"op_code":6,"worker_id":"97db46f9-33de-46cc-a532-e6ebd6523ee1-14187114496","trial_id":5,"state":1,"values":[9.100697425436751],"datetime_complete":"2026-07-08T10:56:31.822563"}
{"op_code":4,"worker_id":"97db46f9-33de-46cc-a532-e6ebd6523ee1-14187114496","study_id":0,"datetime_start":"2026-07-08T10:56:31.824510"}
{"op_code":5,"worker_id":"97db46f9-33de-46cc-a532-e6ebd6523ee1-14187114496","trial_id":7,"param_name":"max_depth","param_value_internal":2.0,"distribution":"{\"name\": \"IntDistribution\", \"attributes\": {\"log\": false, \"step\": 1, \"low\": 1, \"high\": 10}}"}
{"op_code":5,"worker_id":"97db46f9-33de-46cc-a532-e6ebd6523ee1-14187114496","trial_id":7,"param_name":"num_leaves","param_value_internal":4894.0,"distribution":"{\"name\": \"IntDistribution\", \"attributes\": {\"log\": false, \"step\": 1, \"low\": 20, \"high\": 8000}}"}
{"op_code":5,"worker_id":"97db46f9-33de-46cc-a532-e6ebd6523ee1-14187114496","trial_id":7,"param_name":"min_child_samples","param_value_internal":95.0,"distribution":"{\"name\": \"IntDistribution\", \"attributes\": {\"log\": false, \"step\": 1, \"low\": 5, \"high\": 100}}"}
{"op_code":5,"worker_id":"97db46f9-33de-46cc-a532-e6ebd6523ee1-14187114496","trial_id":7,"param_name":"learning_rate","param_value_internal":0.24554592392324556,"distribution":"{\"name\": \"FloatDistribution\", \"attributes\": {\"step\": null, \"low\": 0.001, \"high\": 0.3, \"log\": true}}"}
{"op_code":5,"worker_id":"97db46f9-33de-46cc-a532-e6ebd6523ee1-14187114496","trial_id":7,"param_name":"n_estimators","param_value_internal":605.0,"distribution":"{\"name\": \"IntDistribution\", \"attributes\": {\"log\": false, \"step\": 1, \"low\": 10, \"high\": 1000}}"}
{"op_code":5,"worker_id":"97db46f9-33de-46cc-a532-e6ebd6523ee1-14187114496","trial_id":7,"param_name":"subsample","param_value_internal":0.9174731160202775,"distribution":"{\"name\": \"FloatDistribution\", \"attributes\": {\"step\": null, \"low\": 0.4, \"high\": 1.0, \"log\": false}}"}
{"op_code":5,"worker_id":"97db46f9-33de-46cc-a532-e6ebd6523ee1-14187114496","trial_id":7,"param_name":"colsample_bytree","param_value_internal":0.5930275458381764,"distribution":"{\"name\": \"FloatDistribution\", \"attributes\": {\"step\": null, \"low\": 0.4, \"high\": 1.0, \"log\": false}}"}
{"op_code":5,"worker_id":"97db46f9-33de-46cc-a532-e6ebd6523ee1-14187114496","trial_id":7,"param_name":"reg_alpha","param_value_internal":1.987658248538372e-16,"distribution":"{\"name\": \"FloatDistribution\", \"attributes\": {\"step\": null, \"low\": 1e-16, \"high\": 100.0, \"log\": true}}"}
{"op_code":5,"worker_id":"97db46f9-33de-46cc-a532-e6ebd6523ee1-14187114496","trial_id":7,"param_name":"reg_lambda","param_value_internal":0.4339879823455832,"distribution":"{\"name\": \"FloatDistribution\", \"attributes\": {\"step\": null, \"low\": 1e-08, \"high\": 10.0, \"log\": true}}"}
{"op_code":8,"worker_id":"97db46f9-33de-46cc-a532-e6ebd6523ee1-14203940864","trial_id":1,"user_attr":{"runtime":72.112633228302}}
{"op_code":6,"worker_id":"97db46f9-33de-46cc-a532-e6ebd6523ee1-14203940864","trial_id":1,"state":2,"values":null,"datetime_complete":"2026-07-08T10:56:41.202687"}
{"op_code":4,"worker_id":"97db46f9-33de-46cc-a532-e6ebd6523ee1-14203940864","study_id":0,"datetime_start":"2026-07-08T10:56:41.204986"}
{"op_code":5,"worker_id":"97db46f9-33de-46cc-a532-e6ebd6523ee1-14203940864","trial_id":8,"param_name":"max_depth","param_value_internal":1.0,"distribution":"{\"name\": \"IntDistribution\", \"attributes\": {\"log\": false, \"step\": 1, \"low\": 1, \"high\": 10}}"}
{"op_code":5,"worker_id":"97db46f9-33de-46cc-a532-e6ebd6523ee1-14203940864","trial_id":8,"param_name":"num_leaves","param_value_internal":3481.0,"distribution":"{\"name\": \"IntDistribution\", \"attributes\": {\"log\": false, \"step\": 1, \"low\": 20, \"high\": 8000}}"}
{"op_code":5,"worker_id":"97db46f9-33de-46cc-a532-e6ebd6523ee1-14203940864","trial_id":8,"param_name":"min_child_samples","param_value_internal":19.0,"distribution":"{\"name\": \"IntDistribution\", \"attributes\": {\"log\": false, \"step\": 1, \"low\": 5, \"high\": 100}}"}
{"op_code":5,"worker_id":"97db46f9-33de-46cc-a532-e6ebd6523ee1-14203940864","trial_id":8,"param_name":"learning_rate","param_value_internal":0.2365973201091727,"distribution":"{\"name\": \"FloatDistribution\", \"attributes\": {\"step\": null, \"low\": 0.001, \"high\": 0.3, \"log\": true}}"}
{"op_code":5,"worker_id":"97db46f9-33de-46cc-a532-e6ebd6523ee1-14203940864","trial_id":8,"param_name":"n_estimators","param_value_internal":568.0,"distribution":"{\"name\": \"IntDistribution\", \"attributes\": {\"log\": false, \"step\": 1, \"low\": 10, \"high\": 1000}}"}
{"op_code":5,"worker_id":"97db46f9-33de-46cc-a532-e6ebd6523ee1-14203940864","trial_id":8,"param_name":"subsample","param_value_internal":0.9102792399317333,"distribution":"{\"name\": \"FloatDistribution\", \"attributes\": {\"step\": null, \"low\": 0.4, \"high\": 1.0, \"log\": false}}"}
{"op_code":5,"worker_id":"97db46f9-33de-46cc-a532-e6ebd6523ee1-14203940864","trial_id":8,"param_name":"colsample_bytree","param_value_internal":0.46994824873644025,"distribution":"{\"name\": \"FloatDistribution\", \"attributes\": {\"step\": null, \"low\": 0.4, \"high\": 1.0, \"log\": false}}"}
{"op_code":5,"worker_id":"97db46f9-33de-46cc-a532-e6ebd6523ee1-14203940864","trial_id":8,"param_name":"reg_alpha","param_value_internal":0.048933039322579794,"distribution":"{\"name\": \"FloatDistribution\", \"attributes\": {\"step\": null, \"low\": 1e-16, \"high\": 100.0, \"log\": true}}"}
{"op_code":5,"worker_id":"97db46f9-33de-46cc-a532-e6ebd6523ee1-14203940864","trial_id":8,"param_name":"reg_lambda","param_value_internal":5.9712125745222645e-05,"distribution":"{\"name\": \"FloatDistribution\", \"attributes\": {\"step\": null, \"low\": 1e-08, \"high\": 10.0, \"log\": true}}"}
{"op_code":8,"worker_id":"97db46f9-33de-46cc-a532-e6ebd6523ee1-14170288128","trial_id":6,"user_attr":{"runtime":16.374971866607666}}
{"op_code":6,"worker_id":"97db46f9-33de-46cc-a532-e6ebd6523ee1-14170288128","trial_id":6,"state":1,"values":[16.992153606746445],"datetime_complete":"2026-07-08T10:56:42.932632"}
{"op_code":4,"worker_id":"97db46f9-33de-46cc-a532-e6ebd6523ee1-14170288128","study_id":0,"datetime_start":"2026-07-08T10:56:42.934690"}
{"op_code":5,"worker_id":"97db46f9-33de-46cc-a532-e6ebd6523ee1-14170288128","trial_id":9,"param_name":"max_depth","param_value_internal":4.0,"distribution":"{\"name\": \"IntDistribution\", \"attributes\": {\"log\": false, \"step\": 1, \"low\": 1, \"high\": 10}}"}
{"op_code":5,"worker_id":"97db46f9-33de-46cc-a532-e6ebd6523ee1-14170288128","trial_id":9,"param_name":"num_leaves","param_value_internal":7070.0,"distribution":"{\"name\": \"IntDistribution\", \"attributes\": {\"log\": false, \"step\": 1, \"low\": 20, \"high\": 8000}}"}
{"op_code":5,"worker_id":"97db46f9-33de-46cc-a532-e6ebd6523ee1-14170288128","trial_id":9,"param_name":"min_child_samples","param_value_internal":98.0,"distribution":"{\"name\": \"IntDistribution\", \"attributes\": {\"log\": false, \"step\": 1, \"low\": 5, \"high\": 100}}"}
{"op_code":5,"worker_id":"97db46f9-33de-46cc-a532-e6ebd6523ee1-14170288128","trial_id":9,"param_name":"learning_rate","param_value_internal":0.003491446566157,"distribution":"{\"name\": \"FloatDistribution\", \"attributes\": {\"step\": null, \"low\": 0.001, \"high\": 0.3, \"log\": true}}"}
{"op_code":5,"worker_id":"97db46f9-33de-46cc-a532-e6ebd6523ee1-14170288128","trial_id":9,"param_name":"n_estimators","param_value_internal":72.0,"distribution":"{\"name\": \"IntDistribution\", \"attributes\": {\"log\": false, \"step\": 1, \"low\": 10, \"high\": 1000}}"}
{"op_code":5,"worker_id":"97db46f9-33de-46cc-a532-e6ebd6523ee1-14170288128","trial_id":9,"param_name":"subsample","param_value_internal":0.8600408828658364,"distribution":"{\"name\": \"FloatDistribution\", \"attributes\": {\"step\": null, \"low\": 0.4, \"high\": 1.0, \"log\": false}}"}
{"op_code":5,"worker_id":"97db46f9-33de-46cc-a532-e6ebd6523ee1-14170288128","trial_id":9,"param_name":"colsample_bytree","param_value_internal":0.9622002174357754,"distribution":"{\"name\": \"FloatDistribution\", \"attributes\": {\"step\": null, \"low\": 0.4, \"high\": 1.0, \"log\": false}}"}
{"op_code":5,"worker_id":"97db46f9-33de-46cc-a532-e6ebd6523ee1-14170288128","trial_id":9,"param_name":"reg_alpha","param_value_internal":48.056644538222535,"distribution":"{\"name\": \"FloatDistribution\", \"attributes\": {\"step\": null, \"low\": 1e-16, \"high\": 100.0, \"log\": true}}"}
{"op_code":5,"worker_id":"97db46f9-33de-46cc-a532-e6ebd6523ee1-14170288128","trial_id":9,"param_name":"reg_lambda","param_value_internal":1.28201174448415e-07,"distribution":"{\"name\": \"FloatDistribution\", \"attributes\": {\"step\": null, \"low\": 1e-08, \"high\": 10.0, \"log\": true}}"}
{"op_code":8,"worker_id":"97db46f9-33de-46cc-a532-e6ebd6523ee1-14170288128","trial_id":9,"user_attr":{"runtime":11.05534315109253}}
{"op_code":6,"worker_id":"97db46f9-33de-46cc-a532-e6ebd6523ee1-14170288128","trial_id":9,"state":1,"values":[11.054490024936438],"datetime_complete":"2026-07-08T10:56:53.996311"}
{"op_code":8,"worker_id":"97db46f9-33de-46cc-a532-e6ebd6523ee1-14187114496","trial_id":7,"user_attr":{"runtime":23.12717604637146}}
{"op_code":6,"worker_id":"97db46f9-33de-46cc-a532-e6ebd6523ee1-14187114496","trial_id":7,"state":1,"values":[9.211857448757833],"datetime_complete":"2026-07-08T10:56:54.957686"}
{"op_code":8,"worker_id":"97db46f9-33de-46cc-a532-e6ebd6523ee1-14203940864","trial_id":8,"user_attr":{"runtime":22.033649921417236}}
{"op_code":6,"worker_id":"97db46f9-33de-46cc-a532-e6ebd6523ee1-14203940864","trial_id":8,"state":1,"values":[19.72104334245557],"datetime_complete":"2026-07-08T10:57:03.245278"}
